2019-03-05 15:46:19 35 [Note] InnoDB: Using atomics to ref count buffer pool pages
2019-03-05 15:46:19 35 [Note] InnoDB: The InnoDB memory heap is disabled
2019-03-05 15:46:19 35 [Note] InnoDB: Mutexes and rw_locks use GCC atomic builtins
2019-03-05 15:46:19 35 [Note] InnoDB: Memory barrier is not used
2019-03-05 15:46:19 35 [Note] InnoDB: Compressed tables use zlib 1.2.11
2019-03-05 15:46:19 35 [Note] InnoDB: Using Linux native AIO
2019-03-05 15:46:19 35 [Note] InnoDB: Using CPU crc32 instructions
2019-03-05 15:46:19 35 [Note] InnoDB: Initializing buffer pool, size = 128.0M
2019-03-05 15:46:19 35 [Note] InnoDB: Completed initialization of buffer pool
2019-03-05 15:46:19 35 [Note] InnoDB: The first specified data file ./ibdata1 did not exist: a new database to be created!
2019-03-05 15:46:19 35 [Note] InnoDB: Setting file ./ibdata1 size to 12 MB
2019-03-05 15:46:19 35 [Note] InnoDB: Database physically writes the file full: wait...
2019-03-05 15:46:19 35 [Note] InnoDB: Setting log file ./ib_logfile101 size to 48 MB
2019-03-05 15:46:20 35 [Note] InnoDB: Setting log file ./ib_logfile1 size to 48 MB
2019-03-05 15:46:20 35 [Note] InnoDB: Renaming log file ./ib_logfile101 to ./ib_logfile0
2019-03-05 15:46:20 35 [Warning] InnoDB: New log files created, LSN=45781
2019-03-05 15:46:20 35 [Note] InnoDB: Doublewrite buffer not found: creating new
2019-03-05 15:46:20 35 [Note] InnoDB: Doublewrite buffer created
2019-03-05 15:46:20 35 [Note] InnoDB: 128 rollback segment(s) are active.
2019-03-05 15:46:20 35 [Warning] InnoDB: Creating foreign key constraint system tables.
2019-03-05 15:46:20 35 [Note] InnoDB: Foreign key constraint system tables created
2019-03-05 15:46:20 35 [Note] InnoDB: Creating tablespace and datafile system tables.
2019-03-05 15:46:20 35 [Note] InnoDB: Tablespace and datafile system tables created.
2019-03-05 15:46:20 35 [Note] InnoDB: Waiting for purge to start
2019-03-05 15:46:20 35 [Note] InnoDB: 5.6.43 started; log sequence number 0
2019-03-05 15:46:21 35 [Note] Binlog end
2019-03-05 15:46:21 35 [Note] InnoDB: FTS optimize thread exiting.
2019-03-05 15:46:21 35 [Note] InnoDB: Starting shutdown...
2019-03-05 15:46:23 35 [Note] InnoDB: Shutdown completed; log sequence number 1625977
2019-03-05 15:46:23 58 [Note] InnoDB: Using atomics to ref count buffer pool pages
2019-03-05 15:46:23 58 [Note] InnoDB: The InnoDB memory heap is disabled
2019-03-05 15:46:23 58 [Note] InnoDB: Mutexes and rw_locks use GCC atomic builtins
2019-03-05 15:46:23 58 [Note] InnoDB: Memory barrier is not used
2019-03-05 15:46:23 58 [Note] InnoDB: Compressed tables use zlib 1.2.11
2019-03-05 15:46:23 58 [Note] InnoDB: Using Linux native AIO
2019-03-05 15:46:23 58 [Note] InnoDB: Using CPU crc32 instructions
2019-03-05 15:46:23 58 [Note] InnoDB: Initializing buffer pool, size = 128.0M
2019-03-05 15:46:23 58 [Note] InnoDB: Completed initialization of buffer pool
2019-03-05 15:46:23 58 [Note] InnoDB: Highest supported file format is Barracuda.
2019-03-05 15:46:23 58 [Note] InnoDB: 128 rollback segment(s) are active.
2019-03-05 15:46:23 58 [Note] InnoDB: Waiting for purge to start
2019-03-05 15:46:23 58 [Note] InnoDB: 5.6.43 started; log sequence number 1625977
2019-03-05 15:46:23 58 [Note] Binlog end
2019-03-05 15:46:23 58 [Note] InnoDB: FTS optimize thread exiting.
2019-03-05 15:46:23 58 [Note] InnoDB: Starting shutdown...
2019-03-05 15:46:25 58 [Note] InnoDB: Shutdown completed; log sequence number 1625987
2019-03-05 15:46:25 86 [Note] Plugin 'FEDERATED' is disabled.
2019-03-05 15:46:25 86 [Note] InnoDB: Using atomics to ref count buffer pool pages
2019-03-05 15:46:25 86 [Note] InnoDB: The InnoDB memory heap is disabled
2019-03-05 15:46:25 86 [Note] InnoDB: Mutexes and rw_locks use GCC atomic builtins
2019-03-05 15:46:25 86 [Note] InnoDB: Memory barrier is not used
2019-03-05 15:46:25 86 [Note] InnoDB: Compressed tables use zlib 1.2.11
2019-03-05 15:46:25 86 [Note] InnoDB: Using Linux native AIO
2019-03-05 15:46:25 86 [Note] InnoDB: Using CPU crc32 instructions
2019-03-05 15:46:25 86 [Note] InnoDB: Initializing buffer pool, size = 128.0M
2019-03-05 15:46:25 86 [Note] InnoDB: Completed initialization of buffer pool
2019-03-05 15:46:25 86 [Note] InnoDB: Highest supported file format is Barracuda.
2019-03-05 15:46:25 86 [Note] InnoDB: 128 rollback segment(s) are active.
2019-03-05 15:46:25 86 [Note] InnoDB: Waiting for purge to start
2019-03-05 15:46:25 86 [Note] InnoDB: 5.6.43 started; log sequence number 1625987
2019-03-05 15:46:25 86 [Warning] No existing UUID has been found, so we assume that this is the first time that this server has been started. Generating a new UUID: d58614c1-3f5d-11e9-800f-0242ac170003.
2019-03-05 15:46:25 86 [Note] Event Scheduler: Loaded 0 events
2019-03-05 15:46:25 86 [Note] mysqld: ready for connections.
Version: '5.6.43-log'  socket: '/var/run/mysqld/mysqld.sock'  port: 0  MySQL Community Server (GPL)
2019-03-05 15:46:28 86 [Note] mysqld: Normal shutdown

2019-03-05 15:46:28 86 [Note] Giving 0 client threads a chance to die gracefully
2019-03-05 15:46:28 86 [Note] Event Scheduler: Purging the queue. 0 events
2019-03-05 15:46:28 86 [Note] Shutting down slave threads
2019-03-05 15:46:28 86 [Note] Forcefully disconnecting 0 remaining clients
2019-03-05 15:46:28 86 [Note] Binlog end
2019-03-05 15:46:28 86 [Note] Shutting down plugin 'partition'
2019-03-05 15:46:28 86 [Note] Shutting down plugin 'PERFORMANCE_SCHEMA'
2019-03-05 15:46:28 86 [Note] Shutting down plugin 'INNODB_SYS_DATAFILES'
2019-03-05 15:46:28 86 [Note] Shutting down plugin 'INNODB_SYS_TABLESPACES'
2019-03-05 15:46:28 86 [Note] Shutting down plugin 'INNODB_SYS_FOREIGN_COLS'
2019-03-05 15:46:28 86 [Note] Shutting down plugin 'INNODB_SYS_FOREIGN'
2019-03-05 15:46:28 86 [Note] Shutting down plugin 'INNODB_SYS_FIELDS'
2019-03-05 15:46:28 86 [Note] Shutting down plugin 'INNODB_SYS_COLUMNS'
2019-03-05 15:46:28 86 [Note] Shutting down plugin 'INNODB_SYS_INDEXES'
2019-03-05 15:46:28 86 [Note] Shutting down plugin 'INNODB_SYS_TABLESTATS'
2019-03-05 15:46:28 86 [Note] Shutting down plugin 'INNODB_SYS_TABLES'
2019-03-05 15:46:28 86 [Note] Shutting down plugin 'INNODB_FT_INDEX_TABLE'
2019-03-05 15:46:28 86 [Note] Shutting down plugin 'INNODB_FT_INDEX_CACHE'
2019-03-05 15:46:28 86 [Note] Shutting down plugin 'INNODB_FT_CONFIG'
2019-03-05 15:46:28 86 [Note] Shutting down plugin 'INNODB_FT_BEING_DELETED'
2019-03-05 15:46:28 86 [Note] Shutting down plugin 'INNODB_FT_DELETED'
2019-03-05 15:46:28 86 [Note] Shutting down plugin 'INNODB_FT_DEFAULT_STOPWORD'
2019-03-05 15:46:28 86 [Note] Shutting down plugin 'INNODB_METRICS'
2019-03-05 15:46:28 86 [Note] Shutting down plugin 'INNODB_BUFFER_POOL_STATS'
2019-03-05 15:46:28 86 [Note] Shutting down plugin 'INNODB_BUFFER_PAGE_LRU'
2019-03-05 15:46:28 86 [Note] Shutting down plugin 'INNODB_BUFFER_PAGE'
2019-03-05 15:46:28 86 [Note] Shutting down plugin 'INNODB_CMP_PER_INDEX_RESET'
2019-03-05 15:46:28 86 [Note] Shutting down plugin 'INNODB_CMP_PER_INDEX'
2019-03-05 15:46:28 86 [Note] Shutting down plugin 'INNODB_CMPMEM_RESET'
2019-03-05 15:46:28 86 [Note] Shutting down plugin 'INNODB_CMPMEM'
2019-03-05 15:46:28 86 [Note] Shutting down plugin 'INNODB_CMP_RESET'
2019-03-05 15:46:28 86 [Note] Shutting down plugin 'INNODB_CMP'
2019-03-05 15:46:28 86 [Note] Shutting down plugin 'INNODB_LOCK_WAITS'
2019-03-05 15:46:28 86 [Note] Shutting down plugin 'INNODB_LOCKS'
2019-03-05 15:46:28 86 [Note] Shutting down plugin 'INNODB_TRX'
2019-03-05 15:46:28 86 [Note] Shutting down plugin 'InnoDB'
2019-03-05 15:46:28 86 [Note] InnoDB: FTS optimize thread exiting.
2019-03-05 15:46:28 86 [Note] InnoDB: Starting shutdown...
2019-03-05 15:46:29 86 [Note] InnoDB: Shutdown completed; log sequence number 1625997
2019-03-05 15:46:29 86 [Note] Shutting down plugin 'BLACKHOLE'
2019-03-05 15:46:29 86 [Note] Shutting down plugin 'ARCHIVE'
2019-03-05 15:46:29 86 [Note] Shutting down plugin 'MRG_MYISAM'
2019-03-05 15:46:29 86 [Note] Shutting down plugin 'MyISAM'
2019-03-05 15:46:29 86 [Note] Shutting down plugin 'MEMORY'
2019-03-05 15:46:29 86 [Note] Shutting down plugin 'CSV'
2019-03-05 15:46:29 86 [Note] Shutting down plugin 'sha256_password'
2019-03-05 15:46:29 86 [Note] Shutting down plugin 'mysql_old_password'
2019-03-05 15:46:29 86 [Note] Shutting down plugin 'mysql_native_password'
2019-03-05 15:46:29 86 [Note] Shutting down plugin 'binlog'
2019-03-05 15:46:29 86 [Note] mysqld: Shutdown complete

2019-03-05 15:46:30 1 [Note] Plugin 'FEDERATED' is disabled.
2019-03-05 15:46:30 1 [Note] InnoDB: Using atomics to ref count buffer pool pages
2019-03-05 15:46:30 1 [Note] InnoDB: The InnoDB memory heap is disabled
2019-03-05 15:46:30 1 [Note] InnoDB: Mutexes and rw_locks use GCC atomic builtins
2019-03-05 15:46:30 1 [Note] InnoDB: Memory barrier is not used
2019-03-05 15:46:30 1 [Note] InnoDB: Compressed tables use zlib 1.2.11
2019-03-05 15:46:30 1 [Note] InnoDB: Using Linux native AIO
2019-03-05 15:46:30 1 [Note] InnoDB: Using CPU crc32 instructions
2019-03-05 15:46:30 1 [Note] InnoDB: Initializing buffer pool, size = 128.0M
2019-03-05 15:46:30 1 [Note] InnoDB: Completed initialization of buffer pool
2019-03-05 15:46:30 1 [Note] InnoDB: Highest supported file format is Barracuda.
2019-03-05 15:46:30 1 [Note] InnoDB: 128 rollback segment(s) are active.
2019-03-05 15:46:30 1 [Note] InnoDB: Waiting for purge to start
2019-03-05 15:46:30 1 [Note] InnoDB: 5.6.43 started; log sequence number 1625997
2019-03-05 15:46:30 1 [Note] Server hostname (bind-address): '*'; port: 3306
2019-03-05 15:46:30 1 [Note] IPv6 is available.
2019-03-05 15:46:30 1 [Note]   - '::' resolves to '::';
2019-03-05 15:46:30 1 [Note] Server socket created on IP: '::'.
2019-03-05 15:46:30 1 [Note] Event Scheduler: Loaded 0 events
2019-03-05 15:46:30 1 [Note] mysqld: ready for connections.
Version: '5.6.43-log'  socket: '/var/run/mysqld/mysqld.sock'  port: 3306  MySQL Community Server (GPL)
2019-03-06 03:31:49 36 [Note] InnoDB: Using atomics to ref count buffer pool pages
2019-03-06 03:31:49 36 [Note] InnoDB: The InnoDB memory heap is disabled
2019-03-06 03:31:49 36 [Note] InnoDB: Mutexes and rw_locks use GCC atomic builtins
2019-03-06 03:31:49 36 [Note] InnoDB: Memory barrier is not used
2019-03-06 03:31:49 36 [Note] InnoDB: Compressed tables use zlib 1.2.11
2019-03-06 03:31:49 36 [Note] InnoDB: Using Linux native AIO
2019-03-06 03:31:50 36 [Note] InnoDB: Using CPU crc32 instructions
2019-03-06 03:31:50 36 [Note] InnoDB: Initializing buffer pool, size = 128.0M
2019-03-06 03:31:50 36 [Note] InnoDB: Completed initialization of buffer pool
2019-03-06 03:31:50 36 [Note] InnoDB: The first specified data file ./ibdata1 did not exist: a new database to be created!
2019-03-06 03:31:50 36 [Note] InnoDB: Setting file ./ibdata1 size to 12 MB
2019-03-06 03:31:50 36 [Note] InnoDB: Database physically writes the file full: wait...
2019-03-06 03:31:50 36 [Note] InnoDB: Setting log file ./ib_logfile101 size to 48 MB
2019-03-06 03:31:50 36 [Note] InnoDB: Setting log file ./ib_logfile1 size to 48 MB
2019-03-06 03:31:51 36 [Note] InnoDB: Renaming log file ./ib_logfile101 to ./ib_logfile0
2019-03-06 03:31:51 36 [Warning] InnoDB: New log files created, LSN=45781
2019-03-06 03:31:51 36 [Note] InnoDB: Doublewrite buffer not found: creating new
2019-03-06 03:31:51 36 [Note] InnoDB: Doublewrite buffer created
2019-03-06 03:31:51 36 [Note] InnoDB: 128 rollback segment(s) are active.
2019-03-06 03:31:51 36 [Warning] InnoDB: Creating foreign key constraint system tables.
2019-03-06 03:31:51 36 [Note] InnoDB: Foreign key constraint system tables created
2019-03-06 03:31:51 36 [Note] InnoDB: Creating tablespace and datafile system tables.
2019-03-06 03:31:51 36 [Note] InnoDB: Tablespace and datafile system tables created.
2019-03-06 03:31:51 36 [Note] InnoDB: Waiting for purge to start
2019-03-06 03:31:51 36 [Note] InnoDB: 5.6.43 started; log sequence number 0
2019-03-06 03:32:06 36 [Note] Binlog end
2019-03-06 03:32:06 36 [Note] InnoDB: FTS optimize thread exiting.
2019-03-06 03:32:06 36 [Note] InnoDB: Starting shutdown...
2019-03-06 03:32:08 36 [Note] InnoDB: Shutdown completed; log sequence number 1625977
2019-03-06 03:32:08 59 [Note] InnoDB: Using atomics to ref count buffer pool pages
2019-03-06 03:32:08 59 [Note] InnoDB: The InnoDB memory heap is disabled
2019-03-06 03:32:08 59 [Note] InnoDB: Mutexes and rw_locks use GCC atomic builtins
2019-03-06 03:32:08 59 [Note] InnoDB: Memory barrier is not used
2019-03-06 03:32:08 59 [Note] InnoDB: Compressed tables use zlib 1.2.11
2019-03-06 03:32:08 59 [Note] InnoDB: Using Linux native AIO
2019-03-06 03:32:08 59 [Note] InnoDB: Using CPU crc32 instructions
2019-03-06 03:32:08 59 [Note] InnoDB: Initializing buffer pool, size = 128.0M
2019-03-06 03:32:08 59 [Note] InnoDB: Completed initialization of buffer pool
2019-03-06 03:32:08 59 [Note] InnoDB: Highest supported file format is Barracuda.
2019-03-06 03:32:08 59 [Note] InnoDB: 128 rollback segment(s) are active.
2019-03-06 03:32:08 59 [Note] InnoDB: Waiting for purge to start
2019-03-06 03:32:08 59 [Note] InnoDB: 5.6.43 started; log sequence number 1625977
2019-03-06 03:32:08 59 [Note] Binlog end
2019-03-06 03:32:08 59 [Note] InnoDB: FTS optimize thread exiting.
2019-03-06 03:32:08 59 [Note] InnoDB: Starting shutdown...
2019-03-06 03:32:10 59 [Note] InnoDB: Shutdown completed; log sequence number 1625987
2019-03-06 03:32:10 87 [Note] Plugin 'FEDERATED' is disabled.
2019-03-06 03:32:10 87 [Note] InnoDB: Using atomics to ref count buffer pool pages
2019-03-06 03:32:10 87 [Note] InnoDB: The InnoDB memory heap is disabled
2019-03-06 03:32:10 87 [Note] InnoDB: Mutexes and rw_locks use GCC atomic builtins
2019-03-06 03:32:10 87 [Note] InnoDB: Memory barrier is not used
2019-03-06 03:32:10 87 [Note] InnoDB: Compressed tables use zlib 1.2.11
2019-03-06 03:32:10 87 [Note] InnoDB: Using Linux native AIO
2019-03-06 03:32:10 87 [Note] InnoDB: Using CPU crc32 instructions
2019-03-06 03:32:10 87 [Note] InnoDB: Initializing buffer pool, size = 128.0M
2019-03-06 03:32:10 87 [Note] InnoDB: Completed initialization of buffer pool
2019-03-06 03:32:10 87 [Note] InnoDB: Highest supported file format is Barracuda.
2019-03-06 03:32:11 87 [Note] InnoDB: 128 rollback segment(s) are active.
2019-03-06 03:32:11 87 [Note] InnoDB: Waiting for purge to start
2019-03-06 03:32:11 87 [Note] InnoDB: 5.6.43 started; log sequence number 1625987
2019-03-06 03:32:11 87 [Warning] No existing UUID has been found, so we assume that this is the first time that this server has been started. Generating a new UUID: 6d4eecbe-3fc0-11e9-8292-0242ac120003.
2019-03-06 03:32:11 87 [Note] Event Scheduler: Loaded 0 events
2019-03-06 03:32:11 87 [Note] mysqld: ready for connections.
Version: '5.6.43-log'  socket: '/var/run/mysqld/mysqld.sock'  port: 0  MySQL Community Server (GPL)
2019-03-06 03:32:14 87 [Note] mysqld: Normal shutdown

2019-03-06 03:32:14 87 [Note] Giving 0 client threads a chance to die gracefully
2019-03-06 03:32:14 87 [Note] Event Scheduler: Purging the queue. 0 events
2019-03-06 03:32:14 87 [Note] Shutting down slave threads
2019-03-06 03:32:14 87 [Note] Forcefully disconnecting 0 remaining clients
2019-03-06 03:32:14 87 [Note] Binlog end
2019-03-06 03:32:14 87 [Note] Shutting down plugin 'partition'
2019-03-06 03:32:14 87 [Note] Shutting down plugin 'PERFORMANCE_SCHEMA'
2019-03-06 03:32:14 87 [Note] Shutting down plugin 'INNODB_SYS_DATAFILES'
2019-03-06 03:32:14 87 [Note] Shutting down plugin 'INNODB_SYS_TABLESPACES'
2019-03-06 03:32:14 87 [Note] Shutting down plugin 'INNODB_SYS_FOREIGN_COLS'
2019-03-06 03:32:14 87 [Note] Shutting down plugin 'INNODB_SYS_FOREIGN'
2019-03-06 03:32:14 87 [Note] Shutting down plugin 'INNODB_SYS_FIELDS'
2019-03-06 03:32:14 87 [Note] Shutting down plugin 'INNODB_SYS_COLUMNS'
2019-03-06 03:32:14 87 [Note] Shutting down plugin 'INNODB_SYS_INDEXES'
2019-03-06 03:32:14 87 [Note] Shutting down plugin 'INNODB_SYS_TABLESTATS'
2019-03-06 03:32:14 87 [Note] Shutting down plugin 'INNODB_SYS_TABLES'
2019-03-06 03:32:14 87 [Note] Shutting down plugin 'INNODB_FT_INDEX_TABLE'
2019-03-06 03:32:14 87 [Note] Shutting down plugin 'INNODB_FT_INDEX_CACHE'
2019-03-06 03:32:14 87 [Note] Shutting down plugin 'INNODB_FT_CONFIG'
2019-03-06 03:32:14 87 [Note] Shutting down plugin 'INNODB_FT_BEING_DELETED'
2019-03-06 03:32:14 87 [Note] Shutting down plugin 'INNODB_FT_DELETED'
2019-03-06 03:32:14 87 [Note] Shutting down plugin 'INNODB_FT_DEFAULT_STOPWORD'
2019-03-06 03:32:14 87 [Note] Shutting down plugin 'INNODB_METRICS'
2019-03-06 03:32:14 87 [Note] Shutting down plugin 'INNODB_BUFFER_POOL_STATS'
2019-03-06 03:32:14 87 [Note] Shutting down plugin 'INNODB_BUFFER_PAGE_LRU'
2019-03-06 03:32:14 87 [Note] Shutting down plugin 'INNODB_BUFFER_PAGE'
2019-03-06 03:32:14 87 [Note] Shutting down plugin 'INNODB_CMP_PER_INDEX_RESET'
2019-03-06 03:32:14 87 [Note] Shutting down plugin 'INNODB_CMP_PER_INDEX'
2019-03-06 03:32:14 87 [Note] Shutting down plugin 'INNODB_CMPMEM_RESET'
2019-03-06 03:32:14 87 [Note] Shutting down plugin 'INNODB_CMPMEM'
2019-03-06 03:32:14 87 [Note] Shutting down plugin 'INNODB_CMP_RESET'
2019-03-06 03:32:14 87 [Note] Shutting down plugin 'INNODB_CMP'
2019-03-06 03:32:14 87 [Note] Shutting down plugin 'INNODB_LOCK_WAITS'
2019-03-06 03:32:14 87 [Note] Shutting down plugin 'INNODB_LOCKS'
2019-03-06 03:32:14 87 [Note] Shutting down plugin 'INNODB_TRX'
2019-03-06 03:32:14 87 [Note] Shutting down plugin 'InnoDB'
2019-03-06 03:32:14 87 [Note] InnoDB: FTS optimize thread exiting.
2019-03-06 03:32:14 87 [Note] InnoDB: Starting shutdown...
2019-03-06 03:32:16 87 [Note] InnoDB: Shutdown completed; log sequence number 1625997
2019-03-06 03:32:16 87 [Note] Shutting down plugin 'BLACKHOLE'
2019-03-06 03:32:16 87 [Note] Shutting down plugin 'ARCHIVE'
2019-03-06 03:32:16 87 [Note] Shutting down plugin 'MRG_MYISAM'
2019-03-06 03:32:16 87 [Note] Shutting down plugin 'MyISAM'
2019-03-06 03:32:16 87 [Note] Shutting down plugin 'MEMORY'
2019-03-06 03:32:16 87 [Note] Shutting down plugin 'CSV'
2019-03-06 03:32:16 87 [Note] Shutting down plugin 'sha256_password'
2019-03-06 03:32:16 87 [Note] Shutting down plugin 'mysql_old_password'
2019-03-06 03:32:16 87 [Note] Shutting down plugin 'mysql_native_password'
2019-03-06 03:32:16 87 [Note] Shutting down plugin 'binlog'
2019-03-06 03:32:16 87 [Note] mysqld: Shutdown complete

2019-03-06 03:32:16 1 [Note] Plugin 'FEDERATED' is disabled.
2019-03-06 03:32:16 1 [Note] InnoDB: Using atomics to ref count buffer pool pages
2019-03-06 03:32:16 1 [Note] InnoDB: The InnoDB memory heap is disabled
2019-03-06 03:32:16 1 [Note] InnoDB: Mutexes and rw_locks use GCC atomic builtins
2019-03-06 03:32:16 1 [Note] InnoDB: Memory barrier is not used
2019-03-06 03:32:16 1 [Note] InnoDB: Compressed tables use zlib 1.2.11
2019-03-06 03:32:16 1 [Note] InnoDB: Using Linux native AIO
2019-03-06 03:32:16 1 [Note] InnoDB: Using CPU crc32 instructions
2019-03-06 03:32:16 1 [Note] InnoDB: Initializing buffer pool, size = 128.0M
2019-03-06 03:32:16 1 [Note] InnoDB: Completed initialization of buffer pool
2019-03-06 03:32:16 1 [Note] InnoDB: Highest supported file format is Barracuda.
2019-03-06 03:32:16 1 [Note] InnoDB: 128 rollback segment(s) are active.
2019-03-06 03:32:16 1 [Note] InnoDB: Waiting for purge to start
2019-03-06 03:32:16 1 [Note] InnoDB: 5.6.43 started; log sequence number 1625997
2019-03-06 03:32:16 1 [Note] Server hostname (bind-address): '*'; port: 3306
2019-03-06 03:32:16 1 [Note] IPv6 is available.
2019-03-06 03:32:16 1 [Note]   - '::' resolves to '::';
2019-03-06 03:32:16 1 [Note] Server socket created on IP: '::'.
2019-03-06 03:32:16 1 [Note] Event Scheduler: Loaded 0 events
2019-03-06 03:32:16 1 [Note] mysqld: ready for connections.
Version: '5.6.43-log'  socket: '/var/run/mysqld/mysqld.sock'  port: 3306  MySQL Community Server (GPL)
2019-03-06 06:04:03 1 [Note] mysqld: Normal shutdown

2019-03-06 06:04:03 1 [Note] Giving 0 client threads a chance to die gracefully
2019-03-06 06:04:03 1 [Note] Event Scheduler: Purging the queue. 0 events
2019-03-06 06:04:03 1 [Note] Shutting down slave threads
2019-03-06 06:04:03 1 [Note] Forcefully disconnecting 0 remaining clients
2019-03-06 06:04:03 1 [Note] Binlog end
2019-03-06 06:04:03 1 [Note] Shutting down plugin 'partition'
2019-03-06 06:04:03 1 [Note] Shutting down plugin 'PERFORMANCE_SCHEMA'
2019-03-06 06:04:03 1 [Note] Shutting down plugin 'INNODB_SYS_DATAFILES'
2019-03-06 06:04:03 1 [Note] Shutting down plugin 'INNODB_SYS_TABLESPACES'
2019-03-06 06:04:03 1 [Note] Shutting down plugin 'INNODB_SYS_FOREIGN_COLS'
2019-03-06 06:04:03 1 [Note] Shutting down plugin 'INNODB_SYS_FOREIGN'
2019-03-06 06:04:03 1 [Note] Shutting down plugin 'INNODB_SYS_FIELDS'
2019-03-06 06:04:03 1 [Note] Shutting down plugin 'INNODB_SYS_COLUMNS'
2019-03-06 06:04:03 1 [Note] Shutting down plugin 'INNODB_SYS_INDEXES'
2019-03-06 06:04:03 1 [Note] Shutting down plugin 'INNODB_SYS_TABLESTATS'
2019-03-06 06:04:03 1 [Note] Shutting down plugin 'INNODB_SYS_TABLES'
2019-03-06 06:04:03 1 [Note] Shutting down plugin 'INNODB_FT_INDEX_TABLE'
2019-03-06 06:04:03 1 [Note] Shutting down plugin 'INNODB_FT_INDEX_CACHE'
2019-03-06 06:04:03 1 [Note] Shutting down plugin 'INNODB_FT_CONFIG'
2019-03-06 06:04:03 1 [Note] Shutting down plugin 'INNODB_FT_BEING_DELETED'
2019-03-06 06:04:03 1 [Note] Shutting down plugin 'INNODB_FT_DELETED'
2019-03-06 06:04:03 1 [Note] Shutting down plugin 'INNODB_FT_DEFAULT_STOPWORD'
2019-03-06 06:04:03 1 [Note] Shutting down plugin 'INNODB_METRICS'
2019-03-06 06:04:03 1 [Note] Shutting down plugin 'INNODB_BUFFER_POOL_STATS'
2019-03-06 06:04:03 1 [Note] Shutting down plugin 'INNODB_BUFFER_PAGE_LRU'
2019-03-06 06:04:03 1 [Note] Shutting down plugin 'INNODB_BUFFER_PAGE'
2019-03-06 06:04:03 1 [Note] Shutting down plugin 'INNODB_CMP_PER_INDEX_RESET'
2019-03-06 06:04:03 1 [Note] Shutting down plugin 'INNODB_CMP_PER_INDEX'
2019-03-06 06:04:03 1 [Note] Shutting down plugin 'INNODB_CMPMEM_RESET'
2019-03-06 06:04:03 1 [Note] Shutting down plugin 'INNODB_CMPMEM'
2019-03-06 06:04:03 1 [Note] Shutting down plugin 'INNODB_CMP_RESET'
2019-03-06 06:04:03 1 [Note] Shutting down plugin 'INNODB_CMP'
2019-03-06 06:04:03 1 [Note] Shutting down plugin 'INNODB_LOCK_WAITS'
2019-03-06 06:04:03 1 [Note] Shutting down plugin 'INNODB_LOCKS'
2019-03-06 06:04:03 1 [Note] Shutting down plugin 'INNODB_TRX'
2019-03-06 06:04:03 1 [Note] Shutting down plugin 'InnoDB'
2019-03-06 06:04:03 1 [Note] InnoDB: FTS optimize thread exiting.
2019-03-06 06:04:03 1 [Note] InnoDB: Starting shutdown...
2019-03-06 06:04:04 1 [Note] InnoDB: Shutdown completed; log sequence number 1626007
2019-03-06 06:04:04 1 [Note] Shutting down plugin 'BLACKHOLE'
2019-03-06 06:04:04 1 [Note] Shutting down plugin 'ARCHIVE'
2019-03-06 06:04:04 1 [Note] Shutting down plugin 'MRG_MYISAM'
2019-03-06 06:04:04 1 [Note] Shutting down plugin 'MyISAM'
2019-03-06 06:04:04 1 [Note] Shutting down plugin 'MEMORY'
2019-03-06 06:04:04 1 [Note] Shutting down plugin 'CSV'
2019-03-06 06:04:04 1 [Note] Shutting down plugin 'sha256_password'
2019-03-06 06:04:04 1 [Note] Shutting down plugin 'mysql_old_password'
2019-03-06 06:04:04 1 [Note] Shutting down plugin 'mysql_native_password'
2019-03-06 06:04:04 1 [Note] Shutting down plugin 'binlog'
2019-03-06 06:04:04 1 [Note] mysqld: Shutdown complete

2019-03-06 06:05:31 1 [Note] Plugin 'FEDERATED' is disabled.
2019-03-06 06:05:31 1 [Note] InnoDB: Using atomics to ref count buffer pool pages
2019-03-06 06:05:31 1 [Note] InnoDB: The InnoDB memory heap is disabled
2019-03-06 06:05:31 1 [Note] InnoDB: Mutexes and rw_locks use GCC atomic builtins
2019-03-06 06:05:31 1 [Note] InnoDB: Memory barrier is not used
2019-03-06 06:05:31 1 [Note] InnoDB: Compressed tables use zlib 1.2.11
2019-03-06 06:05:31 1 [Note] InnoDB: Using Linux native AIO
2019-03-06 06:05:31 1 [Note] InnoDB: Using CPU crc32 instructions
2019-03-06 06:05:31 1 [Note] InnoDB: Initializing buffer pool, size = 128.0M
2019-03-06 06:05:31 1 [Note] InnoDB: Completed initialization of buffer pool
2019-03-06 06:05:31 1 [Note] InnoDB: Highest supported file format is Barracuda.
2019-03-06 06:05:31 1 [Note] InnoDB: 128 rollback segment(s) are active.
2019-03-06 06:05:31 1 [Note] InnoDB: Waiting for purge to start
2019-03-06 06:05:31 1 [Note] InnoDB: 5.6.43 started; log sequence number 1626007
2019-03-06 06:05:31 1 [Note] Server hostname (bind-address): '*'; port: 3306
2019-03-06 06:05:31 1 [Note] IPv6 is available.
2019-03-06 06:05:31 1 [Note]   - '::' resolves to '::';
2019-03-06 06:05:31 1 [Note] Server socket created on IP: '::'.
2019-03-06 06:05:31 1 [Note] Event Scheduler: Loaded 0 events
2019-03-06 06:05:31 1 [Note] mysqld: ready for connections.
Version: '5.6.43-log'  socket: '/var/run/mysqld/mysqld.sock'  port: 3306  MySQL Community Server (GPL)
2019-03-06 06:05:57 1 [Note] mysqld: Normal shutdown

2019-03-06 06:05:57 1 [Note] Giving 0 client threads a chance to die gracefully
2019-03-06 06:05:57 1 [Note] Event Scheduler: Purging the queue. 0 events
2019-03-06 06:05:57 1 [Note] Shutting down slave threads
2019-03-06 06:05:57 1 [Note] Forcefully disconnecting 0 remaining clients
2019-03-06 06:05:57 1 [Note] Binlog end
2019-03-06 06:05:57 1 [Note] Shutting down plugin 'partition'
2019-03-06 06:05:57 1 [Note] Shutting down plugin 'PERFORMANCE_SCHEMA'
2019-03-06 06:05:57 1 [Note] Shutting down plugin 'INNODB_SYS_DATAFILES'
2019-03-06 06:05:57 1 [Note] Shutting down plugin 'INNODB_SYS_TABLESPACES'
2019-03-06 06:05:57 1 [Note] Shutting down plugin 'INNODB_SYS_FOREIGN_COLS'
2019-03-06 06:05:57 1 [Note] Shutting down plugin 'INNODB_SYS_FOREIGN'
2019-03-06 06:05:57 1 [Note] Shutting down plugin 'INNODB_SYS_FIELDS'
2019-03-06 06:05:57 1 [Note] Shutting down plugin 'INNODB_SYS_COLUMNS'
2019-03-06 06:05:57 1 [Note] Shutting down plugin 'INNODB_SYS_INDEXES'
2019-03-06 06:05:57 1 [Note] Shutting down plugin 'INNODB_SYS_TABLESTATS'
2019-03-06 06:05:57 1 [Note] Shutting down plugin 'INNODB_SYS_TABLES'
2019-03-06 06:05:57 1 [Note] Shutting down plugin 'INNODB_FT_INDEX_TABLE'
2019-03-06 06:05:57 1 [Note] Shutting down plugin 'INNODB_FT_INDEX_CACHE'
2019-03-06 06:05:57 1 [Note] Shutting down plugin 'INNODB_FT_CONFIG'
2019-03-06 06:05:57 1 [Note] Shutting down plugin 'INNODB_FT_BEING_DELETED'
2019-03-06 06:05:57 1 [Note] Shutting down plugin 'INNODB_FT_DELETED'
2019-03-06 06:05:57 1 [Note] Shutting down plugin 'INNODB_FT_DEFAULT_STOPWORD'
2019-03-06 06:05:57 1 [Note] Shutting down plugin 'INNODB_METRICS'
2019-03-06 06:05:57 1 [Note] Shutting down plugin 'INNODB_BUFFER_POOL_STATS'
2019-03-06 06:05:57 1 [Note] Shutting down plugin 'INNODB_BUFFER_PAGE_LRU'
2019-03-06 06:05:57 1 [Note] Shutting down plugin 'INNODB_BUFFER_PAGE'
2019-03-06 06:05:57 1 [Note] Shutting down plugin 'INNODB_CMP_PER_INDEX_RESET'
2019-03-06 06:05:57 1 [Note] Shutting down plugin 'INNODB_CMP_PER_INDEX'
2019-03-06 06:05:57 1 [Note] Shutting down plugin 'INNODB_CMPMEM_RESET'
2019-03-06 06:05:57 1 [Note] Shutting down plugin 'INNODB_CMPMEM'
2019-03-06 06:05:57 1 [Note] Shutting down plugin 'INNODB_CMP_RESET'
2019-03-06 06:05:57 1 [Note] Shutting down plugin 'INNODB_CMP'
2019-03-06 06:05:57 1 [Note] Shutting down plugin 'INNODB_LOCK_WAITS'
2019-03-06 06:05:57 1 [Note] Shutting down plugin 'INNODB_LOCKS'
2019-03-06 06:05:57 1 [Note] Shutting down plugin 'INNODB_TRX'
2019-03-06 06:05:57 1 [Note] Shutting down plugin 'InnoDB'
2019-03-06 06:05:57 1 [Note] InnoDB: FTS optimize thread exiting.
2019-03-06 06:05:57 1 [Note] InnoDB: Starting shutdown...
2019-03-06 06:05:58 1 [Note] InnoDB: Shutdown completed; log sequence number 1626017
2019-03-06 06:05:58 1 [Note] Shutting down plugin 'BLACKHOLE'
2019-03-06 06:05:58 1 [Note] Shutting down plugin 'ARCHIVE'
2019-03-06 06:05:58 1 [Note] Shutting down plugin 'MRG_MYISAM'
2019-03-06 06:05:58 1 [Note] Shutting down plugin 'MyISAM'
2019-03-06 06:05:58 1 [Note] Shutting down plugin 'MEMORY'
2019-03-06 06:05:58 1 [Note] Shutting down plugin 'CSV'
2019-03-06 06:05:58 1 [Note] Shutting down plugin 'sha256_password'
2019-03-06 06:05:58 1 [Note] Shutting down plugin 'mysql_old_password'
2019-03-06 06:05:58 1 [Note] Shutting down plugin 'mysql_native_password'
2019-03-06 06:05:58 1 [Note] Shutting down plugin 'binlog'
2019-03-06 06:05:58 1 [Note] mysqld: Shutdown complete

2019-03-06 06:29:50 1 [Note] Plugin 'FEDERATED' is disabled.
2019-03-06 06:29:50 1 [Note] InnoDB: Using atomics to ref count buffer pool pages
2019-03-06 06:29:50 1 [Note] InnoDB: The InnoDB memory heap is disabled
2019-03-06 06:29:50 1 [Note] InnoDB: Mutexes and rw_locks use GCC atomic builtins
2019-03-06 06:29:50 1 [Note] InnoDB: Memory barrier is not used
2019-03-06 06:29:50 1 [Note] InnoDB: Compressed tables use zlib 1.2.11
2019-03-06 06:29:50 1 [Note] InnoDB: Using Linux native AIO
2019-03-06 06:29:50 1 [Note] InnoDB: Using CPU crc32 instructions
2019-03-06 06:29:50 1 [Note] InnoDB: Initializing buffer pool, size = 128.0M
2019-03-06 06:29:50 1 [Note] InnoDB: Completed initialization of buffer pool
2019-03-06 06:29:50 1 [Note] InnoDB: Highest supported file format is Barracuda.
2019-03-06 06:29:50 1 [Note] InnoDB: 128 rollback segment(s) are active.
2019-03-06 06:29:50 1 [Note] InnoDB: Waiting for purge to start
2019-03-06 06:29:50 1 [Note] InnoDB: 5.6.43 started; log sequence number 1626017
2019-03-06 06:29:50 1 [Note] Server hostname (bind-address): '*'; port: 3306
2019-03-06 06:29:50 1 [Note] IPv6 is available.
2019-03-06 06:29:50 1 [Note]   - '::' resolves to '::';
2019-03-06 06:29:50 1 [Note] Server socket created on IP: '::'.
2019-03-06 06:29:50 1 [Note] Event Scheduler: Loaded 0 events
2019-03-06 06:29:50 1 [Note] mysqld: ready for connections.
Version: '5.6.43-log'  socket: '/var/run/mysqld/mysqld.sock'  port: 3306  MySQL Community Server (GPL)
2019-03-06 06:32:27 1 [Note] mysqld: Normal shutdown

2019-03-06 06:32:27 1 [Note] Giving 0 client threads a chance to die gracefully
2019-03-06 06:32:27 1 [Note] Event Scheduler: Purging the queue. 0 events
2019-03-06 06:32:27 1 [Note] Shutting down slave threads
2019-03-06 06:32:27 1 [Note] Forcefully disconnecting 0 remaining clients
2019-03-06 06:32:27 1 [Note] Binlog end
2019-03-06 06:32:27 1 [Note] Shutting down plugin 'partition'
2019-03-06 06:32:27 1 [Note] Shutting down plugin 'PERFORMANCE_SCHEMA'
2019-03-06 06:32:27 1 [Note] Shutting down plugin 'INNODB_SYS_DATAFILES'
2019-03-06 06:32:27 1 [Note] Shutting down plugin 'INNODB_SYS_TABLESPACES'
2019-03-06 06:32:27 1 [Note] Shutting down plugin 'INNODB_SYS_FOREIGN_COLS'
2019-03-06 06:32:27 1 [Note] Shutting down plugin 'INNODB_SYS_FOREIGN'
2019-03-06 06:32:27 1 [Note] Shutting down plugin 'INNODB_SYS_FIELDS'
2019-03-06 06:32:27 1 [Note] Shutting down plugin 'INNODB_SYS_COLUMNS'
2019-03-06 06:32:27 1 [Note] Shutting down plugin 'INNODB_SYS_INDEXES'
2019-03-06 06:32:27 1 [Note] Shutting down plugin 'INNODB_SYS_TABLESTATS'
2019-03-06 06:32:27 1 [Note] Shutting down plugin 'INNODB_SYS_TABLES'
2019-03-06 06:32:27 1 [Note] Shutting down plugin 'INNODB_FT_INDEX_TABLE'
2019-03-06 06:32:27 1 [Note] Shutting down plugin 'INNODB_FT_INDEX_CACHE'
2019-03-06 06:32:27 1 [Note] Shutting down plugin 'INNODB_FT_CONFIG'
2019-03-06 06:32:27 1 [Note] Shutting down plugin 'INNODB_FT_BEING_DELETED'
2019-03-06 06:32:27 1 [Note] Shutting down plugin 'INNODB_FT_DELETED'
2019-03-06 06:32:27 1 [Note] Shutting down plugin 'INNODB_FT_DEFAULT_STOPWORD'
2019-03-06 06:32:27 1 [Note] Shutting down plugin 'INNODB_METRICS'
2019-03-06 06:32:27 1 [Note] Shutting down plugin 'INNODB_BUFFER_POOL_STATS'
2019-03-06 06:32:27 1 [Note] Shutting down plugin 'INNODB_BUFFER_PAGE_LRU'
2019-03-06 06:32:27 1 [Note] Shutting down plugin 'INNODB_BUFFER_PAGE'
2019-03-06 06:32:27 1 [Note] Shutting down plugin 'INNODB_CMP_PER_INDEX_RESET'
2019-03-06 06:32:27 1 [Note] Shutting down plugin 'INNODB_CMP_PER_INDEX'
2019-03-06 06:32:27 1 [Note] Shutting down plugin 'INNODB_CMPMEM_RESET'
2019-03-06 06:32:27 1 [Note] Shutting down plugin 'INNODB_CMPMEM'
2019-03-06 06:32:27 1 [Note] Shutting down plugin 'INNODB_CMP_RESET'
2019-03-06 06:32:27 1 [Note] Shutting down plugin 'INNODB_CMP'
2019-03-06 06:32:27 1 [Note] Shutting down plugin 'INNODB_LOCK_WAITS'
2019-03-06 06:32:27 1 [Note] Shutting down plugin 'INNODB_LOCKS'
2019-03-06 06:32:27 1 [Note] Shutting down plugin 'INNODB_TRX'
2019-03-06 06:32:27 1 [Note] Shutting down plugin 'InnoDB'
2019-03-06 06:32:27 1 [Note] InnoDB: FTS optimize thread exiting.
2019-03-06 06:32:27 1 [Note] InnoDB: Starting shutdown...
2019-03-06 06:32:29 1 [Note] InnoDB: Shutdown completed; log sequence number 1626027
2019-03-06 06:32:29 1 [Note] Shutting down plugin 'BLACKHOLE'
2019-03-06 06:32:29 1 [Note] Shutting down plugin 'ARCHIVE'
2019-03-06 06:32:29 1 [Note] Shutting down plugin 'MRG_MYISAM'
2019-03-06 06:32:29 1 [Note] Shutting down plugin 'MyISAM'
2019-03-06 06:32:29 1 [Note] Shutting down plugin 'MEMORY'
2019-03-06 06:32:29 1 [Note] Shutting down plugin 'CSV'
2019-03-06 06:32:29 1 [Note] Shutting down plugin 'sha256_password'
2019-03-06 06:32:29 1 [Note] Shutting down plugin 'mysql_old_password'
2019-03-06 06:32:29 1 [Note] Shutting down plugin 'mysql_native_password'
2019-03-06 06:32:29 1 [Note] Shutting down plugin 'binlog'
2019-03-06 06:32:29 1 [Note] mysqld: Shutdown complete

2019-03-06 06:32:37 1 [Note] Plugin 'FEDERATED' is disabled.
2019-03-06 06:32:37 1 [Note] InnoDB: Using atomics to ref count buffer pool pages
2019-03-06 06:32:37 1 [Note] InnoDB: The InnoDB memory heap is disabled
2019-03-06 06:32:37 1 [Note] InnoDB: Mutexes and rw_locks use GCC atomic builtins
2019-03-06 06:32:37 1 [Note] InnoDB: Memory barrier is not used
2019-03-06 06:32:37 1 [Note] InnoDB: Compressed tables use zlib 1.2.11
2019-03-06 06:32:37 1 [Note] InnoDB: Using Linux native AIO
2019-03-06 06:32:37 1 [Note] InnoDB: Using CPU crc32 instructions
2019-03-06 06:32:37 1 [Note] InnoDB: Initializing buffer pool, size = 128.0M
2019-03-06 06:32:37 1 [Note] InnoDB: Completed initialization of buffer pool
2019-03-06 06:32:37 1 [Note] InnoDB: Highest supported file format is Barracuda.
2019-03-06 06:32:37 1 [Note] InnoDB: 128 rollback segment(s) are active.
2019-03-06 06:32:37 1 [Note] InnoDB: Waiting for purge to start
2019-03-06 06:32:37 1 [Note] InnoDB: 5.6.43 started; log sequence number 1626027
2019-03-06 06:32:37 1 [Note] Server hostname (bind-address): '*'; port: 3306
2019-03-06 06:32:37 1 [Note] IPv6 is available.
2019-03-06 06:32:37 1 [Note]   - '::' resolves to '::';
2019-03-06 06:32:37 1 [Note] Server socket created on IP: '::'.
2019-03-06 06:32:37 1 [Note] Event Scheduler: Loaded 0 events
2019-03-06 06:32:37 1 [Note] mysqld: ready for connections.
Version: '5.6.43-log'  socket: '/var/run/mysqld/mysqld.sock'  port: 3306  MySQL Community Server (GPL)
2019-03-06 06:34:49 1 [Note] mysqld: Normal shutdown

2019-03-06 06:34:49 1 [Note] Giving 0 client threads a chance to die gracefully
2019-03-06 06:34:49 1 [Note] Event Scheduler: Purging the queue. 0 events
2019-03-06 06:34:49 1 [Note] Shutting down slave threads
2019-03-06 06:34:49 1 [Note] Forcefully disconnecting 0 remaining clients
2019-03-06 06:34:49 1 [Note] Binlog end
2019-03-06 06:34:49 1 [Note] Shutting down plugin 'partition'
2019-03-06 06:34:49 1 [Note] Shutting down plugin 'PERFORMANCE_SCHEMA'
2019-03-06 06:34:49 1 [Note] Shutting down plugin 'INNODB_SYS_DATAFILES'
2019-03-06 06:34:49 1 [Note] Shutting down plugin 'INNODB_SYS_TABLESPACES'
2019-03-06 06:34:49 1 [Note] Shutting down plugin 'INNODB_SYS_FOREIGN_COLS'
2019-03-06 06:34:49 1 [Note] Shutting down plugin 'INNODB_SYS_FOREIGN'
2019-03-06 06:34:49 1 [Note] Shutting down plugin 'INNODB_SYS_FIELDS'
2019-03-06 06:34:49 1 [Note] Shutting down plugin 'INNODB_SYS_COLUMNS'
2019-03-06 06:34:49 1 [Note] Shutting down plugin 'INNODB_SYS_INDEXES'
2019-03-06 06:34:49 1 [Note] Shutting down plugin 'INNODB_SYS_TABLESTATS'
2019-03-06 06:34:49 1 [Note] Shutting down plugin 'INNODB_SYS_TABLES'
2019-03-06 06:34:49 1 [Note] Shutting down plugin 'INNODB_FT_INDEX_TABLE'
2019-03-06 06:34:49 1 [Note] Shutting down plugin 'INNODB_FT_INDEX_CACHE'
2019-03-06 06:34:49 1 [Note] Shutting down plugin 'INNODB_FT_CONFIG'
2019-03-06 06:34:49 1 [Note] Shutting down plugin 'INNODB_FT_BEING_DELETED'
2019-03-06 06:34:49 1 [Note] Shutting down plugin 'INNODB_FT_DELETED'
2019-03-06 06:34:49 1 [Note] Shutting down plugin 'INNODB_FT_DEFAULT_STOPWORD'
2019-03-06 06:34:49 1 [Note] Shutting down plugin 'INNODB_METRICS'
2019-03-06 06:34:49 1 [Note] Shutting down plugin 'INNODB_BUFFER_POOL_STATS'
2019-03-06 06:34:49 1 [Note] Shutting down plugin 'INNODB_BUFFER_PAGE_LRU'
2019-03-06 06:34:49 1 [Note] Shutting down plugin 'INNODB_BUFFER_PAGE'
2019-03-06 06:34:49 1 [Note] Shutting down plugin 'INNODB_CMP_PER_INDEX_RESET'
2019-03-06 06:34:49 1 [Note] Shutting down plugin 'INNODB_CMP_PER_INDEX'
2019-03-06 06:34:49 1 [Note] Shutting down plugin 'INNODB_CMPMEM_RESET'
2019-03-06 06:34:49 1 [Note] Shutting down plugin 'INNODB_CMPMEM'
2019-03-06 06:34:49 1 [Note] Shutting down plugin 'INNODB_CMP_RESET'
2019-03-06 06:34:49 1 [Note] Shutting down plugin 'INNODB_CMP'
2019-03-06 06:34:49 1 [Note] Shutting down plugin 'INNODB_LOCK_WAITS'
2019-03-06 06:34:49 1 [Note] Shutting down plugin 'INNODB_LOCKS'
2019-03-06 06:34:49 1 [Note] Shutting down plugin 'INNODB_TRX'
2019-03-06 06:34:49 1 [Note] Shutting down plugin 'InnoDB'
2019-03-06 06:34:49 1 [Note] InnoDB: FTS optimize thread exiting.
2019-03-06 06:34:49 1 [Note] InnoDB: Starting shutdown...
2019-03-06 06:34:51 1 [Note] InnoDB: Shutdown completed; log sequence number 1626037
2019-03-06 06:34:51 1 [Note] Shutting down plugin 'BLACKHOLE'
2019-03-06 06:34:51 1 [Note] Shutting down plugin 'ARCHIVE'
2019-03-06 06:34:51 1 [Note] Shutting down plugin 'MRG_MYISAM'
2019-03-06 06:34:51 1 [Note] Shutting down plugin 'MyISAM'
2019-03-06 06:34:51 1 [Note] Shutting down plugin 'MEMORY'
2019-03-06 06:34:51 1 [Note] Shutting down plugin 'CSV'
2019-03-06 06:34:51 1 [Note] Shutting down plugin 'sha256_password'
2019-03-06 06:34:51 1 [Note] Shutting down plugin 'mysql_old_password'
2019-03-06 06:34:51 1 [Note] Shutting down plugin 'mysql_native_password'
2019-03-06 06:34:51 1 [Note] Shutting down plugin 'binlog'
2019-03-06 06:34:51 1 [Note] mysqld: Shutdown complete

2019-03-06 06:37:17 1 [Note] Plugin 'FEDERATED' is disabled.
2019-03-06 06:37:17 1 [Note] InnoDB: Using atomics to ref count buffer pool pages
2019-03-06 06:37:17 1 [Note] InnoDB: The InnoDB memory heap is disabled
2019-03-06 06:37:17 1 [Note] InnoDB: Mutexes and rw_locks use GCC atomic builtins
2019-03-06 06:37:17 1 [Note] InnoDB: Memory barrier is not used
2019-03-06 06:37:17 1 [Note] InnoDB: Compressed tables use zlib 1.2.11
2019-03-06 06:37:17 1 [Note] InnoDB: Using Linux native AIO
2019-03-06 06:37:17 1 [Note] InnoDB: Using CPU crc32 instructions
2019-03-06 06:37:17 1 [Note] InnoDB: Initializing buffer pool, size = 128.0M
2019-03-06 06:37:17 1 [Note] InnoDB: Completed initialization of buffer pool
2019-03-06 06:37:17 1 [Note] InnoDB: Highest supported file format is Barracuda.
2019-03-06 06:37:17 1 [Note] InnoDB: 128 rollback segment(s) are active.
2019-03-06 06:37:17 1 [Note] InnoDB: Waiting for purge to start
2019-03-06 06:37:17 1 [Note] InnoDB: 5.6.43 started; log sequence number 1626037
2019-03-06 06:37:17 1 [Note] Server hostname (bind-address): '*'; port: 3306
2019-03-06 06:37:17 1 [Note] IPv6 is available.
2019-03-06 06:37:17 1 [Note]   - '::' resolves to '::';
2019-03-06 06:37:17 1 [Note] Server socket created on IP: '::'.
2019-03-06 06:37:17 1 [Note] Event Scheduler: Loaded 0 events
2019-03-06 06:37:17 1 [Note] mysqld: ready for connections.
Version: '5.6.43-log'  socket: '/var/run/mysqld/mysqld.sock'  port: 3306  MySQL Community Server (GPL)
2019-03-06 06:39:34 1 [Note] mysqld: Normal shutdown

2019-03-06 06:39:34 1 [Note] Giving 0 client threads a chance to die gracefully
2019-03-06 06:39:34 1 [Note] Event Scheduler: Purging the queue. 0 events
2019-03-06 06:39:34 1 [Note] Shutting down slave threads
2019-03-06 06:39:34 1 [Note] Forcefully disconnecting 0 remaining clients
2019-03-06 06:39:34 1 [Note] Binlog end
2019-03-06 06:39:34 1 [Note] Shutting down plugin 'partition'
2019-03-06 06:39:34 1 [Note] Shutting down plugin 'PERFORMANCE_SCHEMA'
2019-03-06 06:39:34 1 [Note] Shutting down plugin 'INNODB_SYS_DATAFILES'
2019-03-06 06:39:34 1 [Note] Shutting down plugin 'INNODB_SYS_TABLESPACES'
2019-03-06 06:39:34 1 [Note] Shutting down plugin 'INNODB_SYS_FOREIGN_COLS'
2019-03-06 06:39:34 1 [Note] Shutting down plugin 'INNODB_SYS_FOREIGN'
2019-03-06 06:39:34 1 [Note] Shutting down plugin 'INNODB_SYS_FIELDS'
2019-03-06 06:39:34 1 [Note] Shutting down plugin 'INNODB_SYS_COLUMNS'
2019-03-06 06:39:34 1 [Note] Shutting down plugin 'INNODB_SYS_INDEXES'
2019-03-06 06:39:34 1 [Note] Shutting down plugin 'INNODB_SYS_TABLESTATS'
2019-03-06 06:39:34 1 [Note] Shutting down plugin 'INNODB_SYS_TABLES'
2019-03-06 06:39:34 1 [Note] Shutting down plugin 'INNODB_FT_INDEX_TABLE'
2019-03-06 06:39:34 1 [Note] Shutting down plugin 'INNODB_FT_INDEX_CACHE'
2019-03-06 06:39:34 1 [Note] Shutting down plugin 'INNODB_FT_CONFIG'
2019-03-06 06:39:34 1 [Note] Shutting down plugin 'INNODB_FT_BEING_DELETED'
2019-03-06 06:39:34 1 [Note] Shutting down plugin 'INNODB_FT_DELETED'
2019-03-06 06:39:34 1 [Note] Shutting down plugin 'INNODB_FT_DEFAULT_STOPWORD'
2019-03-06 06:39:34 1 [Note] Shutting down plugin 'INNODB_METRICS'
2019-03-06 06:39:34 1 [Note] Shutting down plugin 'INNODB_BUFFER_POOL_STATS'
2019-03-06 06:39:34 1 [Note] Shutting down plugin 'INNODB_BUFFER_PAGE_LRU'
2019-03-06 06:39:34 1 [Note] Shutting down plugin 'INNODB_BUFFER_PAGE'
2019-03-06 06:39:34 1 [Note] Shutting down plugin 'INNODB_CMP_PER_INDEX_RESET'
2019-03-06 06:39:34 1 [Note] Shutting down plugin 'INNODB_CMP_PER_INDEX'
2019-03-06 06:39:34 1 [Note] Shutting down plugin 'INNODB_CMPMEM_RESET'
2019-03-06 06:39:34 1 [Note] Shutting down plugin 'INNODB_CMPMEM'
2019-03-06 06:39:34 1 [Note] Shutting down plugin 'INNODB_CMP_RESET'
2019-03-06 06:39:34 1 [Note] Shutting down plugin 'INNODB_CMP'
2019-03-06 06:39:34 1 [Note] Shutting down plugin 'INNODB_LOCK_WAITS'
2019-03-06 06:39:34 1 [Note] Shutting down plugin 'INNODB_LOCKS'
2019-03-06 06:39:34 1 [Note] Shutting down plugin 'INNODB_TRX'
2019-03-06 06:39:34 1 [Note] Shutting down plugin 'InnoDB'
2019-03-06 06:39:34 1 [Note] InnoDB: FTS optimize thread exiting.
2019-03-06 06:39:34 1 [Note] InnoDB: Starting shutdown...
2019-03-06 06:39:36 1 [Note] InnoDB: Shutdown completed; log sequence number 1626047
2019-03-06 06:39:36 1 [Note] Shutting down plugin 'BLACKHOLE'
2019-03-06 06:39:36 1 [Note] Shutting down plugin 'ARCHIVE'
2019-03-06 06:39:36 1 [Note] Shutting down plugin 'MRG_MYISAM'
2019-03-06 06:39:36 1 [Note] Shutting down plugin 'MyISAM'
2019-03-06 06:39:36 1 [Note] Shutting down plugin 'MEMORY'
2019-03-06 06:39:36 1 [Note] Shutting down plugin 'CSV'
2019-03-06 06:39:36 1 [Note] Shutting down plugin 'sha256_password'
2019-03-06 06:39:36 1 [Note] Shutting down plugin 'mysql_old_password'
2019-03-06 06:39:36 1 [Note] Shutting down plugin 'mysql_native_password'
2019-03-06 06:39:36 1 [Note] Shutting down plugin 'binlog'
2019-03-06 06:39:36 1 [Note] mysqld: Shutdown complete

2019-03-06 06:39:46 1 [Note] Plugin 'FEDERATED' is disabled.
2019-03-06 06:39:46 1 [Note] InnoDB: Using atomics to ref count buffer pool pages
2019-03-06 06:39:46 1 [Note] InnoDB: The InnoDB memory heap is disabled
2019-03-06 06:39:46 1 [Note] InnoDB: Mutexes and rw_locks use GCC atomic builtins
2019-03-06 06:39:46 1 [Note] InnoDB: Memory barrier is not used
2019-03-06 06:39:46 1 [Note] InnoDB: Compressed tables use zlib 1.2.11
2019-03-06 06:39:46 1 [Note] InnoDB: Using Linux native AIO
2019-03-06 06:39:46 1 [Note] InnoDB: Using CPU crc32 instructions
2019-03-06 06:39:46 1 [Note] InnoDB: Initializing buffer pool, size = 128.0M
2019-03-06 06:39:46 1 [Note] InnoDB: Completed initialization of buffer pool
2019-03-06 06:39:46 1 [Note] InnoDB: Highest supported file format is Barracuda.
2019-03-06 06:39:47 1 [Note] InnoDB: 128 rollback segment(s) are active.
2019-03-06 06:39:47 1 [Note] InnoDB: Waiting for purge to start
2019-03-06 06:39:47 1 [Note] InnoDB: 5.6.43 started; log sequence number 1626047
2019-03-06 06:39:47 1 [Note] Server hostname (bind-address): '*'; port: 3306
2019-03-06 06:39:47 1 [Note] IPv6 is available.
2019-03-06 06:39:47 1 [Note]   - '::' resolves to '::';
2019-03-06 06:39:47 1 [Note] Server socket created on IP: '::'.
2019-03-06 06:39:47 1 [Note] Event Scheduler: Loaded 0 events
2019-03-06 06:39:47 1 [Note] mysqld: ready for connections.
Version: '5.6.43-log'  socket: '/var/run/mysqld/mysqld.sock'  port: 3306  MySQL Community Server (GPL)
2019-03-06 06:41:25 1 [Note] mysqld: Normal shutdown

2019-03-06 06:41:25 1 [Note] Giving 0 client threads a chance to die gracefully
2019-03-06 06:41:25 1 [Note] Event Scheduler: Purging the queue. 0 events
2019-03-06 06:41:25 1 [Note] Shutting down slave threads
2019-03-06 06:41:25 1 [Note] Forcefully disconnecting 0 remaining clients
2019-03-06 06:41:25 1 [Note] Binlog end
2019-03-06 06:41:25 1 [Note] Shutting down plugin 'partition'
2019-03-06 06:41:25 1 [Note] Shutting down plugin 'PERFORMANCE_SCHEMA'
2019-03-06 06:41:25 1 [Note] Shutting down plugin 'INNODB_SYS_DATAFILES'
2019-03-06 06:41:25 1 [Note] Shutting down plugin 'INNODB_SYS_TABLESPACES'
2019-03-06 06:41:25 1 [Note] Shutting down plugin 'INNODB_SYS_FOREIGN_COLS'
2019-03-06 06:41:25 1 [Note] Shutting down plugin 'INNODB_SYS_FOREIGN'
2019-03-06 06:41:25 1 [Note] Shutting down plugin 'INNODB_SYS_FIELDS'
2019-03-06 06:41:25 1 [Note] Shutting down plugin 'INNODB_SYS_COLUMNS'
2019-03-06 06:41:25 1 [Note] Shutting down plugin 'INNODB_SYS_INDEXES'
2019-03-06 06:41:25 1 [Note] Shutting down plugin 'INNODB_SYS_TABLESTATS'
2019-03-06 06:41:25 1 [Note] Shutting down plugin 'INNODB_SYS_TABLES'
2019-03-06 06:41:25 1 [Note] Shutting down plugin 'INNODB_FT_INDEX_TABLE'
2019-03-06 06:41:25 1 [Note] Shutting down plugin 'INNODB_FT_INDEX_CACHE'
2019-03-06 06:41:25 1 [Note] Shutting down plugin 'INNODB_FT_CONFIG'
2019-03-06 06:41:25 1 [Note] Shutting down plugin 'INNODB_FT_BEING_DELETED'
2019-03-06 06:41:25 1 [Note] Shutting down plugin 'INNODB_FT_DELETED'
2019-03-06 06:41:25 1 [Note] Shutting down plugin 'INNODB_FT_DEFAULT_STOPWORD'
2019-03-06 06:41:25 1 [Note] Shutting down plugin 'INNODB_METRICS'
2019-03-06 06:41:25 1 [Note] Shutting down plugin 'INNODB_BUFFER_POOL_STATS'
2019-03-06 06:41:25 1 [Note] Shutting down plugin 'INNODB_BUFFER_PAGE_LRU'
2019-03-06 06:41:25 1 [Note] Shutting down plugin 'INNODB_BUFFER_PAGE'
2019-03-06 06:41:25 1 [Note] Shutting down plugin 'INNODB_CMP_PER_INDEX_RESET'
2019-03-06 06:41:25 1 [Note] Shutting down plugin 'INNODB_CMP_PER_INDEX'
2019-03-06 06:41:25 1 [Note] Shutting down plugin 'INNODB_CMPMEM_RESET'
2019-03-06 06:41:25 1 [Note] Shutting down plugin 'INNODB_CMPMEM'
2019-03-06 06:41:25 1 [Note] Shutting down plugin 'INNODB_CMP_RESET'
2019-03-06 06:41:25 1 [Note] Shutting down plugin 'INNODB_CMP'
2019-03-06 06:41:25 1 [Note] Shutting down plugin 'INNODB_LOCK_WAITS'
2019-03-06 06:41:25 1 [Note] Shutting down plugin 'INNODB_LOCKS'
2019-03-06 06:41:25 1 [Note] Shutting down plugin 'INNODB_TRX'
2019-03-06 06:41:25 1 [Note] Shutting down plugin 'InnoDB'
2019-03-06 06:41:25 1 [Note] InnoDB: FTS optimize thread exiting.
2019-03-06 06:41:25 1 [Note] InnoDB: Starting shutdown...
2019-03-06 06:41:27 1 [Note] InnoDB: Shutdown completed; log sequence number 1626057
2019-03-06 06:41:27 1 [Note] Shutting down plugin 'BLACKHOLE'
2019-03-06 06:41:27 1 [Note] Shutting down plugin 'ARCHIVE'
2019-03-06 06:41:27 1 [Note] Shutting down plugin 'MRG_MYISAM'
2019-03-06 06:41:27 1 [Note] Shutting down plugin 'MyISAM'
2019-03-06 06:41:27 1 [Note] Shutting down plugin 'MEMORY'
2019-03-06 06:41:27 1 [Note] Shutting down plugin 'CSV'
2019-03-06 06:41:27 1 [Note] Shutting down plugin 'sha256_password'
2019-03-06 06:41:27 1 [Note] Shutting down plugin 'mysql_old_password'
2019-03-06 06:41:27 1 [Note] Shutting down plugin 'mysql_native_password'
2019-03-06 06:41:27 1 [Note] Shutting down plugin 'binlog'
2019-03-06 06:41:27 1 [Note] mysqld: Shutdown complete

2019-03-06 08:15:32 1 [Note] Plugin 'FEDERATED' is disabled.
2019-03-06 08:15:32 1 [Note] InnoDB: Using atomics to ref count buffer pool pages
2019-03-06 08:15:32 1 [Note] InnoDB: The InnoDB memory heap is disabled
2019-03-06 08:15:32 1 [Note] InnoDB: Mutexes and rw_locks use GCC atomic builtins
2019-03-06 08:15:32 1 [Note] InnoDB: Memory barrier is not used
2019-03-06 08:15:32 1 [Note] InnoDB: Compressed tables use zlib 1.2.11
2019-03-06 08:15:32 1 [Note] InnoDB: Using Linux native AIO
2019-03-06 08:15:32 1 [Note] InnoDB: Using CPU crc32 instructions
2019-03-06 08:15:32 1 [Note] InnoDB: Initializing buffer pool, size = 128.0M
2019-03-06 08:15:32 1 [Note] InnoDB: Completed initialization of buffer pool
2019-03-06 08:15:32 1 [Note] InnoDB: Highest supported file format is Barracuda.
2019-03-06 08:15:32 1 [Note] InnoDB: 128 rollback segment(s) are active.
2019-03-06 08:15:32 1 [Note] InnoDB: Waiting for purge to start
2019-03-06 08:15:32 1 [Note] InnoDB: 5.6.43 started; log sequence number 1626057
2019-03-06 08:15:32 1 [Note] Server hostname (bind-address): '*'; port: 3306
2019-03-06 08:15:32 1 [Note] IPv6 is available.
2019-03-06 08:15:32 1 [Note]   - '::' resolves to '::';
2019-03-06 08:15:32 1 [Note] Server socket created on IP: '::'.
2019-03-06 08:15:32 1 [Note] Event Scheduler: Loaded 0 events
2019-03-06 08:15:32 1 [Note] mysqld: ready for connections.
Version: '5.6.43-log'  socket: '/var/run/mysqld/mysqld.sock'  port: 3306  MySQL Community Server (GPL)
2019-03-06 08:16:32 1 [Note] mysqld: Normal shutdown

2019-03-06 08:16:32 1 [Note] Giving 0 client threads a chance to die gracefully
2019-03-06 08:16:32 1 [Note] Event Scheduler: Purging the queue. 0 events
2019-03-06 08:16:32 1 [Note] Shutting down slave threads
2019-03-06 08:16:32 1 [Note] Forcefully disconnecting 0 remaining clients
2019-03-06 08:16:32 1 [Note] Binlog end
2019-03-06 08:16:32 1 [Note] Shutting down plugin 'partition'
2019-03-06 08:16:32 1 [Note] Shutting down plugin 'PERFORMANCE_SCHEMA'
2019-03-06 08:16:32 1 [Note] Shutting down plugin 'INNODB_SYS_DATAFILES'
2019-03-06 08:16:32 1 [Note] Shutting down plugin 'INNODB_SYS_TABLESPACES'
2019-03-06 08:16:32 1 [Note] Shutting down plugin 'INNODB_SYS_FOREIGN_COLS'
2019-03-06 08:16:32 1 [Note] Shutting down plugin 'INNODB_SYS_FOREIGN'
2019-03-06 08:16:32 1 [Note] Shutting down plugin 'INNODB_SYS_FIELDS'
2019-03-06 08:16:32 1 [Note] Shutting down plugin 'INNODB_SYS_COLUMNS'
2019-03-06 08:16:32 1 [Note] Shutting down plugin 'INNODB_SYS_INDEXES'
2019-03-06 08:16:32 1 [Note] Shutting down plugin 'INNODB_SYS_TABLESTATS'
2019-03-06 08:16:32 1 [Note] Shutting down plugin 'INNODB_SYS_TABLES'
2019-03-06 08:16:32 1 [Note] Shutting down plugin 'INNODB_FT_INDEX_TABLE'
2019-03-06 08:16:32 1 [Note] Shutting down plugin 'INNODB_FT_INDEX_CACHE'
2019-03-06 08:16:32 1 [Note] Shutting down plugin 'INNODB_FT_CONFIG'
2019-03-06 08:16:32 1 [Note] Shutting down plugin 'INNODB_FT_BEING_DELETED'
2019-03-06 08:16:32 1 [Note] Shutting down plugin 'INNODB_FT_DELETED'
2019-03-06 08:16:32 1 [Note] Shutting down plugin 'INNODB_FT_DEFAULT_STOPWORD'
2019-03-06 08:16:32 1 [Note] Shutting down plugin 'INNODB_METRICS'
2019-03-06 08:16:32 1 [Note] Shutting down plugin 'INNODB_BUFFER_POOL_STATS'
2019-03-06 08:16:32 1 [Note] Shutting down plugin 'INNODB_BUFFER_PAGE_LRU'
2019-03-06 08:16:32 1 [Note] Shutting down plugin 'INNODB_BUFFER_PAGE'
2019-03-06 08:16:32 1 [Note] Shutting down plugin 'INNODB_CMP_PER_INDEX_RESET'
2019-03-06 08:16:32 1 [Note] Shutting down plugin 'INNODB_CMP_PER_INDEX'
2019-03-06 08:16:32 1 [Note] Shutting down plugin 'INNODB_CMPMEM_RESET'
2019-03-06 08:16:32 1 [Note] Shutting down plugin 'INNODB_CMPMEM'
2019-03-06 08:16:32 1 [Note] Shutting down plugin 'INNODB_CMP_RESET'
2019-03-06 08:16:32 1 [Note] Shutting down plugin 'INNODB_CMP'
2019-03-06 08:16:32 1 [Note] Shutting down plugin 'INNODB_LOCK_WAITS'
2019-03-06 08:16:32 1 [Note] Shutting down plugin 'INNODB_LOCKS'
2019-03-06 08:16:32 1 [Note] Shutting down plugin 'INNODB_TRX'
2019-03-06 08:16:32 1 [Note] Shutting down plugin 'InnoDB'
2019-03-06 08:16:32 1 [Note] InnoDB: FTS optimize thread exiting.
2019-03-06 08:16:32 1 [Note] InnoDB: Starting shutdown...
2019-03-06 08:16:34 1 [Note] InnoDB: Shutdown completed; log sequence number 1626067
2019-03-06 08:16:34 1 [Note] Shutting down plugin 'BLACKHOLE'
2019-03-06 08:16:34 1 [Note] Shutting down plugin 'ARCHIVE'
2019-03-06 08:16:34 1 [Note] Shutting down plugin 'MRG_MYISAM'
2019-03-06 08:16:34 1 [Note] Shutting down plugin 'MyISAM'
2019-03-06 08:16:34 1 [Note] Shutting down plugin 'MEMORY'
2019-03-06 08:16:34 1 [Note] Shutting down plugin 'CSV'
2019-03-06 08:16:34 1 [Note] Shutting down plugin 'sha256_password'
2019-03-06 08:16:34 1 [Note] Shutting down plugin 'mysql_old_password'
2019-03-06 08:16:34 1 [Note] Shutting down plugin 'mysql_native_password'
2019-03-06 08:16:34 1 [Note] Shutting down plugin 'binlog'
2019-03-06 08:16:34 1 [Note] mysqld: Shutdown complete

2019-03-06 08:16:56 1 [Note] Plugin 'FEDERATED' is disabled.
2019-03-06 08:16:56 1 [Note] InnoDB: Using atomics to ref count buffer pool pages
2019-03-06 08:16:56 1 [Note] InnoDB: The InnoDB memory heap is disabled
2019-03-06 08:16:56 1 [Note] InnoDB: Mutexes and rw_locks use GCC atomic builtins
2019-03-06 08:16:56 1 [Note] InnoDB: Memory barrier is not used
2019-03-06 08:16:56 1 [Note] InnoDB: Compressed tables use zlib 1.2.11
2019-03-06 08:16:56 1 [Note] InnoDB: Using Linux native AIO
2019-03-06 08:16:56 1 [Note] InnoDB: Using CPU crc32 instructions
2019-03-06 08:16:56 1 [Note] InnoDB: Initializing buffer pool, size = 128.0M
2019-03-06 08:16:56 1 [Note] InnoDB: Completed initialization of buffer pool
2019-03-06 08:16:56 1 [Note] InnoDB: Highest supported file format is Barracuda.
2019-03-06 08:16:56 1 [Note] InnoDB: 128 rollback segment(s) are active.
2019-03-06 08:16:56 1 [Note] InnoDB: Waiting for purge to start
2019-03-06 08:16:56 1 [Note] InnoDB: 5.6.43 started; log sequence number 1626067
2019-03-06 08:16:56 1 [Note] Server hostname (bind-address): '*'; port: 3306
2019-03-06 08:16:56 1 [Note] IPv6 is available.
2019-03-06 08:16:56 1 [Note]   - '::' resolves to '::';
2019-03-06 08:16:56 1 [Note] Server socket created on IP: '::'.
2019-03-06 08:16:56 1 [Note] Event Scheduler: Loaded 0 events
2019-03-06 08:16:56 1 [Note] mysqld: ready for connections.
Version: '5.6.43-log'  socket: '/var/run/mysqld/mysqld.sock'  port: 3306  MySQL Community Server (GPL)
2019-03-06 08:17:48 1 [Note] mysqld: Normal shutdown

2019-03-06 08:17:48 1 [Note] Giving 0 client threads a chance to die gracefully
2019-03-06 08:17:48 1 [Note] Event Scheduler: Purging the queue. 0 events
2019-03-06 08:17:48 1 [Note] Shutting down slave threads
2019-03-06 08:17:48 1 [Note] Forcefully disconnecting 0 remaining clients
2019-03-06 08:17:48 1 [Note] Binlog end
2019-03-06 08:17:48 1 [Note] Shutting down plugin 'partition'
2019-03-06 08:17:48 1 [Note] Shutting down plugin 'PERFORMANCE_SCHEMA'
2019-03-06 08:17:48 1 [Note] Shutting down plugin 'INNODB_SYS_DATAFILES'
2019-03-06 08:17:48 1 [Note] Shutting down plugin 'INNODB_SYS_TABLESPACES'
2019-03-06 08:17:48 1 [Note] Shutting down plugin 'INNODB_SYS_FOREIGN_COLS'
2019-03-06 08:17:48 1 [Note] Shutting down plugin 'INNODB_SYS_FOREIGN'
2019-03-06 08:17:48 1 [Note] Shutting down plugin 'INNODB_SYS_FIELDS'
2019-03-06 08:17:48 1 [Note] Shutting down plugin 'INNODB_SYS_COLUMNS'
2019-03-06 08:17:48 1 [Note] Shutting down plugin 'INNODB_SYS_INDEXES'
2019-03-06 08:17:48 1 [Note] Shutting down plugin 'INNODB_SYS_TABLESTATS'
2019-03-06 08:17:48 1 [Note] Shutting down plugin 'INNODB_SYS_TABLES'
2019-03-06 08:17:48 1 [Note] Shutting down plugin 'INNODB_FT_INDEX_TABLE'
2019-03-06 08:17:48 1 [Note] Shutting down plugin 'INNODB_FT_INDEX_CACHE'
2019-03-06 08:17:48 1 [Note] Shutting down plugin 'INNODB_FT_CONFIG'
2019-03-06 08:17:48 1 [Note] Shutting down plugin 'INNODB_FT_BEING_DELETED'
2019-03-06 08:17:48 1 [Note] Shutting down plugin 'INNODB_FT_DELETED'
2019-03-06 08:17:48 1 [Note] Shutting down plugin 'INNODB_FT_DEFAULT_STOPWORD'
2019-03-06 08:17:48 1 [Note] Shutting down plugin 'INNODB_METRICS'
2019-03-06 08:17:48 1 [Note] Shutting down plugin 'INNODB_BUFFER_POOL_STATS'
2019-03-06 08:17:48 1 [Note] Shutting down plugin 'INNODB_BUFFER_PAGE_LRU'
2019-03-06 08:17:48 1 [Note] Shutting down plugin 'INNODB_BUFFER_PAGE'
2019-03-06 08:17:48 1 [Note] Shutting down plugin 'INNODB_CMP_PER_INDEX_RESET'
2019-03-06 08:17:48 1 [Note] Shutting down plugin 'INNODB_CMP_PER_INDEX'
2019-03-06 08:17:48 1 [Note] Shutting down plugin 'INNODB_CMPMEM_RESET'
2019-03-06 08:17:48 1 [Note] Shutting down plugin 'INNODB_CMPMEM'
2019-03-06 08:17:48 1 [Note] Shutting down plugin 'INNODB_CMP_RESET'
2019-03-06 08:17:48 1 [Note] Shutting down plugin 'INNODB_CMP'
2019-03-06 08:17:48 1 [Note] Shutting down plugin 'INNODB_LOCK_WAITS'
2019-03-06 08:17:48 1 [Note] Shutting down plugin 'INNODB_LOCKS'
2019-03-06 08:17:48 1 [Note] Shutting down plugin 'INNODB_TRX'
2019-03-06 08:17:48 1 [Note] Shutting down plugin 'InnoDB'
2019-03-06 08:17:48 1 [Note] InnoDB: FTS optimize thread exiting.
2019-03-06 08:17:48 1 [Note] InnoDB: Starting shutdown...
2019-03-06 08:17:50 1 [Note] InnoDB: Shutdown completed; log sequence number 1626077
2019-03-06 08:17:50 1 [Note] Shutting down plugin 'BLACKHOLE'
2019-03-06 08:17:50 1 [Note] Shutting down plugin 'ARCHIVE'
2019-03-06 08:17:50 1 [Note] Shutting down plugin 'MRG_MYISAM'
2019-03-06 08:17:50 1 [Note] Shutting down plugin 'MyISAM'
2019-03-06 08:17:50 1 [Note] Shutting down plugin 'MEMORY'
2019-03-06 08:17:50 1 [Note] Shutting down plugin 'CSV'
2019-03-06 08:17:50 1 [Note] Shutting down plugin 'sha256_password'
2019-03-06 08:17:50 1 [Note] Shutting down plugin 'mysql_old_password'
2019-03-06 08:17:50 1 [Note] Shutting down plugin 'mysql_native_password'
2019-03-06 08:17:50 1 [Note] Shutting down plugin 'binlog'
2019-03-06 08:17:50 1 [Note] mysqld: Shutdown complete

2019-03-06 08:18:34 1 [Note] Plugin 'FEDERATED' is disabled.
2019-03-06 08:18:34 1 [Note] InnoDB: Using atomics to ref count buffer pool pages
2019-03-06 08:18:34 1 [Note] InnoDB: The InnoDB memory heap is disabled
2019-03-06 08:18:34 1 [Note] InnoDB: Mutexes and rw_locks use GCC atomic builtins
2019-03-06 08:18:34 1 [Note] InnoDB: Memory barrier is not used
2019-03-06 08:18:34 1 [Note] InnoDB: Compressed tables use zlib 1.2.11
2019-03-06 08:18:34 1 [Note] InnoDB: Using Linux native AIO
2019-03-06 08:18:34 1 [Note] InnoDB: Using CPU crc32 instructions
2019-03-06 08:18:34 1 [Note] InnoDB: Initializing buffer pool, size = 128.0M
2019-03-06 08:18:34 1 [Note] InnoDB: Completed initialization of buffer pool
2019-03-06 08:18:34 1 [Note] InnoDB: Highest supported file format is Barracuda.
2019-03-06 08:18:34 1 [Note] InnoDB: 128 rollback segment(s) are active.
2019-03-06 08:18:34 1 [Note] InnoDB: Waiting for purge to start
2019-03-06 08:18:34 1 [Note] InnoDB: 5.6.43 started; log sequence number 1626077
2019-03-06 08:18:35 1 [Note] Server hostname (bind-address): '*'; port: 3306
2019-03-06 08:18:35 1 [Note] IPv6 is available.
2019-03-06 08:18:35 1 [Note]   - '::' resolves to '::';
2019-03-06 08:18:35 1 [Note] Server socket created on IP: '::'.
2019-03-06 08:18:35 1 [Note] Event Scheduler: Loaded 0 events
2019-03-06 08:18:35 1 [Note] mysqld: ready for connections.
Version: '5.6.43-log'  socket: '/var/run/mysqld/mysqld.sock'  port: 3306  MySQL Community Server (GPL)
2019-03-06 08:20:20 1 [Note] mysqld: Normal shutdown

2019-03-06 08:20:20 1 [Note] Giving 0 client threads a chance to die gracefully
2019-03-06 08:20:20 1 [Note] Event Scheduler: Purging the queue. 0 events
2019-03-06 08:20:20 1 [Note] Shutting down slave threads
2019-03-06 08:20:20 1 [Note] Forcefully disconnecting 0 remaining clients
2019-03-06 08:20:20 1 [Note] Binlog end
2019-03-06 08:20:20 1 [Note] Shutting down plugin 'partition'
2019-03-06 08:20:20 1 [Note] Shutting down plugin 'PERFORMANCE_SCHEMA'
2019-03-06 08:20:20 1 [Note] Shutting down plugin 'INNODB_SYS_DATAFILES'
2019-03-06 08:20:20 1 [Note] Shutting down plugin 'INNODB_SYS_TABLESPACES'
2019-03-06 08:20:20 1 [Note] Shutting down plugin 'INNODB_SYS_FOREIGN_COLS'
2019-03-06 08:20:20 1 [Note] Shutting down plugin 'INNODB_SYS_FOREIGN'
2019-03-06 08:20:20 1 [Note] Shutting down plugin 'INNODB_SYS_FIELDS'
2019-03-06 08:20:20 1 [Note] Shutting down plugin 'INNODB_SYS_COLUMNS'
2019-03-06 08:20:20 1 [Note] Shutting down plugin 'INNODB_SYS_INDEXES'
2019-03-06 08:20:20 1 [Note] Shutting down plugin 'INNODB_SYS_TABLESTATS'
2019-03-06 08:20:20 1 [Note] Shutting down plugin 'INNODB_SYS_TABLES'
2019-03-06 08:20:20 1 [Note] Shutting down plugin 'INNODB_FT_INDEX_TABLE'
2019-03-06 08:20:20 1 [Note] Shutting down plugin 'INNODB_FT_INDEX_CACHE'
2019-03-06 08:20:20 1 [Note] Shutting down plugin 'INNODB_FT_CONFIG'
2019-03-06 08:20:20 1 [Note] Shutting down plugin 'INNODB_FT_BEING_DELETED'
2019-03-06 08:20:20 1 [Note] Shutting down plugin 'INNODB_FT_DELETED'
2019-03-06 08:20:20 1 [Note] Shutting down plugin 'INNODB_FT_DEFAULT_STOPWORD'
2019-03-06 08:20:20 1 [Note] Shutting down plugin 'INNODB_METRICS'
2019-03-06 08:20:20 1 [Note] Shutting down plugin 'INNODB_BUFFER_POOL_STATS'
2019-03-06 08:20:20 1 [Note] Shutting down plugin 'INNODB_BUFFER_PAGE_LRU'
2019-03-06 08:20:20 1 [Note] Shutting down plugin 'INNODB_BUFFER_PAGE'
2019-03-06 08:20:20 1 [Note] Shutting down plugin 'INNODB_CMP_PER_INDEX_RESET'
2019-03-06 08:20:20 1 [Note] Shutting down plugin 'INNODB_CMP_PER_INDEX'
2019-03-06 08:20:20 1 [Note] Shutting down plugin 'INNODB_CMPMEM_RESET'
2019-03-06 08:20:20 1 [Note] Shutting down plugin 'INNODB_CMPMEM'
2019-03-06 08:20:20 1 [Note] Shutting down plugin 'INNODB_CMP_RESET'
2019-03-06 08:20:20 1 [Note] Shutting down plugin 'INNODB_CMP'
2019-03-06 08:20:20 1 [Note] Shutting down plugin 'INNODB_LOCK_WAITS'
2019-03-06 08:20:20 1 [Note] Shutting down plugin 'INNODB_LOCKS'
2019-03-06 08:20:20 1 [Note] Shutting down plugin 'INNODB_TRX'
2019-03-06 08:20:20 1 [Note] Shutting down plugin 'InnoDB'
2019-03-06 08:20:20 1 [Note] InnoDB: FTS optimize thread exiting.
2019-03-06 08:20:20 1 [Note] InnoDB: Starting shutdown...
2019-03-06 08:20:22 1 [Note] InnoDB: Shutdown completed; log sequence number 1626087
2019-03-06 08:20:22 1 [Note] Shutting down plugin 'BLACKHOLE'
2019-03-06 08:20:22 1 [Note] Shutting down plugin 'ARCHIVE'
2019-03-06 08:20:22 1 [Note] Shutting down plugin 'MRG_MYISAM'
2019-03-06 08:20:22 1 [Note] Shutting down plugin 'MyISAM'
2019-03-06 08:20:22 1 [Note] Shutting down plugin 'MEMORY'
2019-03-06 08:20:22 1 [Note] Shutting down plugin 'CSV'
2019-03-06 08:20:22 1 [Note] Shutting down plugin 'sha256_password'
2019-03-06 08:20:22 1 [Note] Shutting down plugin 'mysql_old_password'
2019-03-06 08:20:22 1 [Note] Shutting down plugin 'mysql_native_password'
2019-03-06 08:20:22 1 [Note] Shutting down plugin 'binlog'
2019-03-06 08:20:22 1 [Note] mysqld: Shutdown complete

2019-03-06 08:20:33 1 [Note] Plugin 'FEDERATED' is disabled.
2019-03-06 08:20:33 1 [Note] InnoDB: Using atomics to ref count buffer pool pages
2019-03-06 08:20:33 1 [Note] InnoDB: The InnoDB memory heap is disabled
2019-03-06 08:20:33 1 [Note] InnoDB: Mutexes and rw_locks use GCC atomic builtins
2019-03-06 08:20:33 1 [Note] InnoDB: Memory barrier is not used
2019-03-06 08:20:33 1 [Note] InnoDB: Compressed tables use zlib 1.2.11
2019-03-06 08:20:33 1 [Note] InnoDB: Using Linux native AIO
2019-03-06 08:20:33 1 [Note] InnoDB: Using CPU crc32 instructions
2019-03-06 08:20:33 1 [Note] InnoDB: Initializing buffer pool, size = 128.0M
2019-03-06 08:20:33 1 [Note] InnoDB: Completed initialization of buffer pool
2019-03-06 08:20:33 1 [Note] InnoDB: Highest supported file format is Barracuda.
2019-03-06 08:20:34 1 [Note] InnoDB: 128 rollback segment(s) are active.
2019-03-06 08:20:34 1 [Note] InnoDB: Waiting for purge to start
2019-03-06 08:20:34 1 [Note] InnoDB: 5.6.43 started; log sequence number 1626087
2019-03-06 08:20:34 1 [Note] Server hostname (bind-address): '*'; port: 3306
2019-03-06 08:20:34 1 [Note] IPv6 is available.
2019-03-06 08:20:34 1 [Note]   - '::' resolves to '::';
2019-03-06 08:20:34 1 [Note] Server socket created on IP: '::'.
2019-03-06 08:20:34 1 [Note] Event Scheduler: Loaded 0 events
2019-03-06 08:20:34 1 [Note] mysqld: ready for connections.
Version: '5.6.43-log'  socket: '/var/run/mysqld/mysqld.sock'  port: 3306  MySQL Community Server (GPL)
2019-03-06 08:21:22 1 [Note] mysqld: Normal shutdown

2019-03-06 08:21:22 1 [Note] Giving 0 client threads a chance to die gracefully
2019-03-06 08:21:22 1 [Note] Event Scheduler: Purging the queue. 0 events
2019-03-06 08:21:22 1 [Note] Shutting down slave threads
2019-03-06 08:21:22 1 [Note] Forcefully disconnecting 0 remaining clients
2019-03-06 08:21:22 1 [Note] Binlog end
2019-03-06 08:21:22 1 [Note] Shutting down plugin 'partition'
2019-03-06 08:21:22 1 [Note] Shutting down plugin 'PERFORMANCE_SCHEMA'
2019-03-06 08:21:22 1 [Note] Shutting down plugin 'INNODB_SYS_DATAFILES'
2019-03-06 08:21:22 1 [Note] Shutting down plugin 'INNODB_SYS_TABLESPACES'
2019-03-06 08:21:22 1 [Note] Shutting down plugin 'INNODB_SYS_FOREIGN_COLS'
2019-03-06 08:21:22 1 [Note] Shutting down plugin 'INNODB_SYS_FOREIGN'
2019-03-06 08:21:22 1 [Note] Shutting down plugin 'INNODB_SYS_FIELDS'
2019-03-06 08:21:22 1 [Note] Shutting down plugin 'INNODB_SYS_COLUMNS'
2019-03-06 08:21:22 1 [Note] Shutting down plugin 'INNODB_SYS_INDEXES'
2019-03-06 08:21:22 1 [Note] Shutting down plugin 'INNODB_SYS_TABLESTATS'
2019-03-06 08:21:22 1 [Note] Shutting down plugin 'INNODB_SYS_TABLES'
2019-03-06 08:21:22 1 [Note] Shutting down plugin 'INNODB_FT_INDEX_TABLE'
2019-03-06 08:21:22 1 [Note] Shutting down plugin 'INNODB_FT_INDEX_CACHE'
2019-03-06 08:21:22 1 [Note] Shutting down plugin 'INNODB_FT_CONFIG'
2019-03-06 08:21:22 1 [Note] Shutting down plugin 'INNODB_FT_BEING_DELETED'
2019-03-06 08:21:22 1 [Note] Shutting down plugin 'INNODB_FT_DELETED'
2019-03-06 08:21:22 1 [Note] Shutting down plugin 'INNODB_FT_DEFAULT_STOPWORD'
2019-03-06 08:21:22 1 [Note] Shutting down plugin 'INNODB_METRICS'
2019-03-06 08:21:22 1 [Note] Shutting down plugin 'INNODB_BUFFER_POOL_STATS'
2019-03-06 08:21:22 1 [Note] Shutting down plugin 'INNODB_BUFFER_PAGE_LRU'
2019-03-06 08:21:22 1 [Note] Shutting down plugin 'INNODB_BUFFER_PAGE'
2019-03-06 08:21:22 1 [Note] Shutting down plugin 'INNODB_CMP_PER_INDEX_RESET'
2019-03-06 08:21:22 1 [Note] Shutting down plugin 'INNODB_CMP_PER_INDEX'
2019-03-06 08:21:22 1 [Note] Shutting down plugin 'INNODB_CMPMEM_RESET'
2019-03-06 08:21:22 1 [Note] Shutting down plugin 'INNODB_CMPMEM'
2019-03-06 08:21:22 1 [Note] Shutting down plugin 'INNODB_CMP_RESET'
2019-03-06 08:21:22 1 [Note] Shutting down plugin 'INNODB_CMP'
2019-03-06 08:21:22 1 [Note] Shutting down plugin 'INNODB_LOCK_WAITS'
2019-03-06 08:21:22 1 [Note] Shutting down plugin 'INNODB_LOCKS'
2019-03-06 08:21:22 1 [Note] Shutting down plugin 'INNODB_TRX'
2019-03-06 08:21:22 1 [Note] Shutting down plugin 'InnoDB'
2019-03-06 08:21:22 1 [Note] InnoDB: FTS optimize thread exiting.
2019-03-06 08:21:22 1 [Note] InnoDB: Starting shutdown...
2019-03-06 08:21:24 1 [Note] InnoDB: Shutdown completed; log sequence number 1626097
2019-03-06 08:21:24 1 [Note] Shutting down plugin 'BLACKHOLE'
2019-03-06 08:21:24 1 [Note] Shutting down plugin 'ARCHIVE'
2019-03-06 08:21:24 1 [Note] Shutting down plugin 'MRG_MYISAM'
2019-03-06 08:21:24 1 [Note] Shutting down plugin 'MyISAM'
2019-03-06 08:21:24 1 [Note] Shutting down plugin 'MEMORY'
2019-03-06 08:21:24 1 [Note] Shutting down plugin 'CSV'
2019-03-06 08:21:24 1 [Note] Shutting down plugin 'sha256_password'
2019-03-06 08:21:24 1 [Note] Shutting down plugin 'mysql_old_password'
2019-03-06 08:21:24 1 [Note] Shutting down plugin 'mysql_native_password'
2019-03-06 08:21:24 1 [Note] Shutting down plugin 'binlog'
2019-03-06 08:21:24 1 [Note] mysqld: Shutdown complete

2019-03-06 08:22:42 1 [Note] Plugin 'FEDERATED' is disabled.
2019-03-06 08:22:42 1 [Note] InnoDB: Using atomics to ref count buffer pool pages
2019-03-06 08:22:42 1 [Note] InnoDB: The InnoDB memory heap is disabled
2019-03-06 08:22:42 1 [Note] InnoDB: Mutexes and rw_locks use GCC atomic builtins
2019-03-06 08:22:42 1 [Note] InnoDB: Memory barrier is not used
2019-03-06 08:22:42 1 [Note] InnoDB: Compressed tables use zlib 1.2.11
2019-03-06 08:22:42 1 [Note] InnoDB: Using Linux native AIO
2019-03-06 08:22:42 1 [Note] InnoDB: Using CPU crc32 instructions
2019-03-06 08:22:42 1 [Note] InnoDB: Initializing buffer pool, size = 128.0M
2019-03-06 08:22:42 1 [Note] InnoDB: Completed initialization of buffer pool
2019-03-06 08:22:42 1 [Note] InnoDB: Highest supported file format is Barracuda.
2019-03-06 08:22:42 1 [Note] InnoDB: 128 rollback segment(s) are active.
2019-03-06 08:22:42 1 [Note] InnoDB: Waiting for purge to start
2019-03-06 08:22:42 1 [Note] InnoDB: 5.6.43 started; log sequence number 1626097
2019-03-06 08:22:42 1 [Note] Server hostname (bind-address): '*'; port: 3306
2019-03-06 08:22:42 1 [Note] IPv6 is available.
2019-03-06 08:22:42 1 [Note]   - '::' resolves to '::';
2019-03-06 08:22:42 1 [Note] Server socket created on IP: '::'.
2019-03-06 08:22:42 1 [Note] Event Scheduler: Loaded 0 events
2019-03-06 08:22:42 1 [Note] mysqld: ready for connections.
Version: '5.6.43-log'  socket: '/var/run/mysqld/mysqld.sock'  port: 3306  MySQL Community Server (GPL)
2019-03-06 08:23:44 1 [Note] mysqld: Normal shutdown

2019-03-06 08:23:44 1 [Note] Giving 0 client threads a chance to die gracefully
2019-03-06 08:23:44 1 [Note] Event Scheduler: Purging the queue. 0 events
2019-03-06 08:23:44 1 [Note] Shutting down slave threads
2019-03-06 08:23:44 1 [Note] Forcefully disconnecting 0 remaining clients
2019-03-06 08:23:44 1 [Note] Binlog end
2019-03-06 08:23:44 1 [Note] Shutting down plugin 'partition'
2019-03-06 08:23:44 1 [Note] Shutting down plugin 'PERFORMANCE_SCHEMA'
2019-03-06 08:23:44 1 [Note] Shutting down plugin 'INNODB_SYS_DATAFILES'
2019-03-06 08:23:44 1 [Note] Shutting down plugin 'INNODB_SYS_TABLESPACES'
2019-03-06 08:23:44 1 [Note] Shutting down plugin 'INNODB_SYS_FOREIGN_COLS'
2019-03-06 08:23:44 1 [Note] Shutting down plugin 'INNODB_SYS_FOREIGN'
2019-03-06 08:23:44 1 [Note] Shutting down plugin 'INNODB_SYS_FIELDS'
2019-03-06 08:23:44 1 [Note] Shutting down plugin 'INNODB_SYS_COLUMNS'
2019-03-06 08:23:44 1 [Note] Shutting down plugin 'INNODB_SYS_INDEXES'
2019-03-06 08:23:44 1 [Note] Shutting down plugin 'INNODB_SYS_TABLESTATS'
2019-03-06 08:23:44 1 [Note] Shutting down plugin 'INNODB_SYS_TABLES'
2019-03-06 08:23:44 1 [Note] Shutting down plugin 'INNODB_FT_INDEX_TABLE'
2019-03-06 08:23:44 1 [Note] Shutting down plugin 'INNODB_FT_INDEX_CACHE'
2019-03-06 08:23:44 1 [Note] Shutting down plugin 'INNODB_FT_CONFIG'
2019-03-06 08:23:44 1 [Note] Shutting down plugin 'INNODB_FT_BEING_DELETED'
2019-03-06 08:23:44 1 [Note] Shutting down plugin 'INNODB_FT_DELETED'
2019-03-06 08:23:44 1 [Note] Shutting down plugin 'INNODB_FT_DEFAULT_STOPWORD'
2019-03-06 08:23:44 1 [Note] Shutting down plugin 'INNODB_METRICS'
2019-03-06 08:23:44 1 [Note] Shutting down plugin 'INNODB_BUFFER_POOL_STATS'
2019-03-06 08:23:44 1 [Note] Shutting down plugin 'INNODB_BUFFER_PAGE_LRU'
2019-03-06 08:23:44 1 [Note] Shutting down plugin 'INNODB_BUFFER_PAGE'
2019-03-06 08:23:44 1 [Note] Shutting down plugin 'INNODB_CMP_PER_INDEX_RESET'
2019-03-06 08:23:44 1 [Note] Shutting down plugin 'INNODB_CMP_PER_INDEX'
2019-03-06 08:23:44 1 [Note] Shutting down plugin 'INNODB_CMPMEM_RESET'
2019-03-06 08:23:44 1 [Note] Shutting down plugin 'INNODB_CMPMEM'
2019-03-06 08:23:44 1 [Note] Shutting down plugin 'INNODB_CMP_RESET'
2019-03-06 08:23:44 1 [Note] Shutting down plugin 'INNODB_CMP'
2019-03-06 08:23:44 1 [Note] Shutting down plugin 'INNODB_LOCK_WAITS'
2019-03-06 08:23:44 1 [Note] Shutting down plugin 'INNODB_LOCKS'
2019-03-06 08:23:44 1 [Note] Shutting down plugin 'INNODB_TRX'
2019-03-06 08:23:44 1 [Note] Shutting down plugin 'InnoDB'
2019-03-06 08:23:44 1 [Note] InnoDB: FTS optimize thread exiting.
2019-03-06 08:23:44 1 [Note] InnoDB: Starting shutdown...
2019-03-06 08:23:45 1 [Note] InnoDB: Shutdown completed; log sequence number 1626107
2019-03-06 08:23:45 1 [Note] Shutting down plugin 'BLACKHOLE'
2019-03-06 08:23:45 1 [Note] Shutting down plugin 'ARCHIVE'
2019-03-06 08:23:45 1 [Note] Shutting down plugin 'MRG_MYISAM'
2019-03-06 08:23:45 1 [Note] Shutting down plugin 'MyISAM'
2019-03-06 08:23:45 1 [Note] Shutting down plugin 'MEMORY'
2019-03-06 08:23:45 1 [Note] Shutting down plugin 'CSV'
2019-03-06 08:23:45 1 [Note] Shutting down plugin 'sha256_password'
2019-03-06 08:23:45 1 [Note] Shutting down plugin 'mysql_old_password'
2019-03-06 08:23:45 1 [Note] Shutting down plugin 'mysql_native_password'
2019-03-06 08:23:45 1 [Note] Shutting down plugin 'binlog'
2019-03-06 08:23:45 1 [Note] mysqld: Shutdown complete

2019-03-06 08:23:53 1 [Note] Plugin 'FEDERATED' is disabled.
2019-03-06 08:23:53 1 [Note] InnoDB: Using atomics to ref count buffer pool pages
2019-03-06 08:23:53 1 [Note] InnoDB: The InnoDB memory heap is disabled
2019-03-06 08:23:53 1 [Note] InnoDB: Mutexes and rw_locks use GCC atomic builtins
2019-03-06 08:23:53 1 [Note] InnoDB: Memory barrier is not used
2019-03-06 08:23:53 1 [Note] InnoDB: Compressed tables use zlib 1.2.11
2019-03-06 08:23:53 1 [Note] InnoDB: Using Linux native AIO
2019-03-06 08:23:53 1 [Note] InnoDB: Using CPU crc32 instructions
2019-03-06 08:23:53 1 [Note] InnoDB: Initializing buffer pool, size = 128.0M
2019-03-06 08:23:53 1 [Note] InnoDB: Completed initialization of buffer pool
2019-03-06 08:23:53 1 [Note] InnoDB: Highest supported file format is Barracuda.
2019-03-06 08:23:53 1 [Note] InnoDB: 128 rollback segment(s) are active.
2019-03-06 08:23:53 1 [Note] InnoDB: Waiting for purge to start
2019-03-06 08:23:53 1 [Note] InnoDB: 5.6.43 started; log sequence number 1626107
2019-03-06 08:23:53 1 [Note] Server hostname (bind-address): '*'; port: 3306
2019-03-06 08:23:53 1 [Note] IPv6 is available.
2019-03-06 08:23:53 1 [Note]   - '::' resolves to '::';
2019-03-06 08:23:53 1 [Note] Server socket created on IP: '::'.
2019-03-06 08:23:53 1 [Note] Event Scheduler: Loaded 0 events
2019-03-06 08:23:53 1 [Note] mysqld: ready for connections.
Version: '5.6.43-log'  socket: '/var/run/mysqld/mysqld.sock'  port: 3306  MySQL Community Server (GPL)
2019-03-06 08:29:01 1 [Note] mysqld: Normal shutdown

2019-03-06 08:29:01 1 [Note] Giving 0 client threads a chance to die gracefully
2019-03-06 08:29:01 1 [Note] Event Scheduler: Purging the queue. 0 events
2019-03-06 08:29:01 1 [Note] Shutting down slave threads
2019-03-06 08:29:01 1 [Note] Forcefully disconnecting 0 remaining clients
2019-03-06 08:29:01 1 [Note] Binlog end
2019-03-06 08:29:01 1 [Note] Shutting down plugin 'partition'
2019-03-06 08:29:01 1 [Note] Shutting down plugin 'PERFORMANCE_SCHEMA'
2019-03-06 08:29:01 1 [Note] Shutting down plugin 'INNODB_SYS_DATAFILES'
2019-03-06 08:29:01 1 [Note] Shutting down plugin 'INNODB_SYS_TABLESPACES'
2019-03-06 08:29:01 1 [Note] Shutting down plugin 'INNODB_SYS_FOREIGN_COLS'
2019-03-06 08:29:01 1 [Note] Shutting down plugin 'INNODB_SYS_FOREIGN'
2019-03-06 08:29:01 1 [Note] Shutting down plugin 'INNODB_SYS_FIELDS'
2019-03-06 08:29:01 1 [Note] Shutting down plugin 'INNODB_SYS_COLUMNS'
2019-03-06 08:29:01 1 [Note] Shutting down plugin 'INNODB_SYS_INDEXES'
2019-03-06 08:29:01 1 [Note] Shutting down plugin 'INNODB_SYS_TABLESTATS'
2019-03-06 08:29:01 1 [Note] Shutting down plugin 'INNODB_SYS_TABLES'
2019-03-06 08:29:01 1 [Note] Shutting down plugin 'INNODB_FT_INDEX_TABLE'
2019-03-06 08:29:01 1 [Note] Shutting down plugin 'INNODB_FT_INDEX_CACHE'
2019-03-06 08:29:01 1 [Note] Shutting down plugin 'INNODB_FT_CONFIG'
2019-03-06 08:29:01 1 [Note] Shutting down plugin 'INNODB_FT_BEING_DELETED'
2019-03-06 08:29:01 1 [Note] Shutting down plugin 'INNODB_FT_DELETED'
2019-03-06 08:29:01 1 [Note] Shutting down plugin 'INNODB_FT_DEFAULT_STOPWORD'
2019-03-06 08:29:01 1 [Note] Shutting down plugin 'INNODB_METRICS'
2019-03-06 08:29:01 1 [Note] Shutting down plugin 'INNODB_BUFFER_POOL_STATS'
2019-03-06 08:29:01 1 [Note] Shutting down plugin 'INNODB_BUFFER_PAGE_LRU'
2019-03-06 08:29:01 1 [Note] Shutting down plugin 'INNODB_BUFFER_PAGE'
2019-03-06 08:29:01 1 [Note] Shutting down plugin 'INNODB_CMP_PER_INDEX_RESET'
2019-03-06 08:29:01 1 [Note] Shutting down plugin 'INNODB_CMP_PER_INDEX'
2019-03-06 08:29:01 1 [Note] Shutting down plugin 'INNODB_CMPMEM_RESET'
2019-03-06 08:29:01 1 [Note] Shutting down plugin 'INNODB_CMPMEM'
2019-03-06 08:29:01 1 [Note] Shutting down plugin 'INNODB_CMP_RESET'
2019-03-06 08:29:01 1 [Note] Shutting down plugin 'INNODB_CMP'
2019-03-06 08:29:01 1 [Note] Shutting down plugin 'INNODB_LOCK_WAITS'
2019-03-06 08:29:01 1 [Note] Shutting down plugin 'INNODB_LOCKS'
2019-03-06 08:29:01 1 [Note] Shutting down plugin 'INNODB_TRX'
2019-03-06 08:29:01 1 [Note] Shutting down plugin 'InnoDB'
2019-03-06 08:29:01 1 [Note] InnoDB: FTS optimize thread exiting.
2019-03-06 08:29:01 1 [Note] InnoDB: Starting shutdown...
2019-03-06 08:29:03 1 [Note] InnoDB: Shutdown completed; log sequence number 1626133
2019-03-06 08:29:03 1 [Note] Shutting down plugin 'BLACKHOLE'
2019-03-06 08:29:03 1 [Note] Shutting down plugin 'ARCHIVE'
2019-03-06 08:29:03 1 [Note] Shutting down plugin 'MRG_MYISAM'
2019-03-06 08:29:03 1 [Note] Shutting down plugin 'MyISAM'
2019-03-06 08:29:03 1 [Note] Shutting down plugin 'MEMORY'
2019-03-06 08:29:03 1 [Note] Shutting down plugin 'CSV'
2019-03-06 08:29:03 1 [Note] Shutting down plugin 'sha256_password'
2019-03-06 08:29:03 1 [Note] Shutting down plugin 'mysql_old_password'
2019-03-06 08:29:03 1 [Note] Shutting down plugin 'mysql_native_password'
2019-03-06 08:29:03 1 [Note] Shutting down plugin 'binlog'
2019-03-06 08:29:03 1 [Note] mysqld: Shutdown complete

2019-03-06 08:36:27 1 [Note] Plugin 'FEDERATED' is disabled.
2019-03-06 08:36:27 1 [Note] InnoDB: Using atomics to ref count buffer pool pages
2019-03-06 08:36:27 1 [Note] InnoDB: The InnoDB memory heap is disabled
2019-03-06 08:36:27 1 [Note] InnoDB: Mutexes and rw_locks use GCC atomic builtins
2019-03-06 08:36:27 1 [Note] InnoDB: Memory barrier is not used
2019-03-06 08:36:27 1 [Note] InnoDB: Compressed tables use zlib 1.2.11
2019-03-06 08:36:27 1 [Note] InnoDB: Using Linux native AIO
2019-03-06 08:36:27 1 [Note] InnoDB: Using CPU crc32 instructions
2019-03-06 08:36:27 1 [Note] InnoDB: Initializing buffer pool, size = 128.0M
2019-03-06 08:36:27 1 [Note] InnoDB: Completed initialization of buffer pool
2019-03-06 08:36:27 1 [Note] InnoDB: Highest supported file format is Barracuda.
2019-03-06 08:36:27 1 [Note] InnoDB: 128 rollback segment(s) are active.
2019-03-06 08:36:27 1 [Note] InnoDB: Waiting for purge to start
2019-03-06 08:36:27 1 [Note] InnoDB: 5.6.43 started; log sequence number 1626133
2019-03-06 08:36:27 1 [Note] Server hostname (bind-address): '*'; port: 3306
2019-03-06 08:36:27 1 [Note] IPv6 is available.
2019-03-06 08:36:27 1 [Note]   - '::' resolves to '::';
2019-03-06 08:36:27 1 [Note] Server socket created on IP: '::'.
2019-03-06 08:36:27 1 [Note] Event Scheduler: Loaded 0 events
2019-03-06 08:36:27 1 [Note] mysqld: ready for connections.
Version: '5.6.43-log'  socket: '/var/run/mysqld/mysqld.sock'  port: 3306  MySQL Community Server (GPL)
